2013-01-21 16:27:09,562  INFO [main] (Version.java:37) - HCANN000001: Hibernate Commons Annotations {4.0.1.Final}
2013-01-21 16:27:09,571  INFO [main] (Version.java:41) - HHH000412: Hibernate Core {4.1.7.Final}
2013-01-21 16:27:09,573  INFO [main] (Environment.java:239) - HHH000206: hibernate.properties not found
2013-01-21 16:27:09,575  INFO [main] (Environment.java:342) - HHH000021: Bytecode provider name : javassist
2013-01-21 16:27:09,599  INFO [main] (Configuration.java:1933) - HHH000043: Configuring from resource: /hibernate.cfg.xml
2013-01-21 16:27:09,600  INFO [main] (Configuration.java:1952) - HHH000040: Configuration resource: /hibernate.cfg.xml
2013-01-21 16:27:09,642  WARN [main] (DTDEntityResolver.java:74) - HHH000223: Recognized obsolete hibernate namespace http://hibernate.sourceforge.net/. Use namespace http://www.hibernate.org/dtd/ instead. Refer to Hibernate 3.6 Migration Guide!
2013-01-21 16:27:09,674  INFO [main] (Configuration.java:2074) - HHH000041: Configured SessionFactory: null
2013-01-21 16:27:09,918  INFO [main] (DriverManagerConnectionProviderImpl.java:96) - HHH000402: Using Hibernate built-in connection pool (not for production use!)
2013-01-21 16:27:09,925  INFO [main] (DriverManagerConnectionProviderImpl.java:130) - HHH000115: Hibernate connection pool size: 1
2013-01-21 16:27:09,926  INFO [main] (DriverManagerConnectionProviderImpl.java:133) - HHH000006: Autocommit mode: false
2013-01-21 16:27:09,926  INFO [main] (DriverManagerConnectionProviderImpl.java:147) - HHH000401: using driver [org.hsqldb.jdbcDriver] at URL [jdbc:hsqldb:file:db/ebook;shutdown=true;hsqldb.write_delay=false;]
2013-01-21 16:27:09,927  INFO [main] (DriverManagerConnectionProviderImpl.java:152) - HHH000046: Connection properties: {user=sa, password=****}
2013-01-21 16:27:10,538  INFO [main] (?:?) - checkpointClose start
2013-01-21 16:27:10,717  INFO [main] (?:?) - checkpointClose end
2013-01-21 16:27:10,828  INFO [main] (Dialect.java:125) - HHH000400: Using dialect: org.hibernate.dialect.HSQLDialect
2013-01-21 16:27:10,862  INFO [main] (TransactionFactoryInitiator.java:68) - HHH000399: Using default transaction strategy (direct JDBC transactions)
2013-01-21 16:27:10,869  INFO [main] (ASTQueryTranslatorFactory.java:48) - HHH000397: Using ASTQueryTranslatorFactory
2013-01-21 16:27:10,922  INFO [main] (Version.java:39) - HSEARCH000034: Hibernate Search 4.1.1.Final
2013-01-21 16:27:11,002  WARN [main] (ConfigContext.java:299) - HSEARCH000075: Configuration setting hibernate.search.lucene_version was not specified, using LUCENE_CURRENT.
2013-01-21 16:27:11,146  INFO [main] (AvroSerializationProvider.java:73) - HSEARCH000079: Serialization protocol version 1.0
2013-01-21 16:27:11,397  INFO [main] (AvroSerializationProvider.java:73) - HSEARCH000079: Serialization protocol version 1.0
2013-01-21 16:27:11,697  INFO [main] (SchemaUpdate.java:182) - HHH000228: Running hbm2ddl schema update
2013-01-21 16:27:11,697  INFO [main] (SchemaUpdate.java:193) - HHH000102: Fetching database metadata
2013-01-21 16:27:11,699  INFO [main] (SchemaUpdate.java:205) - HHH000396: Updating schema
2013-01-21 16:27:11,815  INFO [main] (TableMetadata.java:65) - HHH000261: Table found: PUBLIC.PUBLIC.ACCESSINFO
2013-01-21 16:27:11,816  INFO [main] (TableMetadata.java:66) - HHH000037: Columns: [viewability, publicdomain, embeddable, accessviewstatus, entityid, webreaderlink, pdf_entityid, vieworderurl, epub_entityid, texttospeechpermission, country]
2013-01-21 16:27:11,816  INFO [main] (TableMetadata.java:68) - HHH000108: Foreign keys: [fk32bb185260cb9f2a, fk32bb18527baa3db0]
2013-01-21 16:27:11,816  INFO [main] (TableMetadata.java:69) - HHH000126: Indexes: [sys_idx_10140, sys_idx_10138, sys_idx_sys_pk_10026_10027]
2013-01-21 16:27:11,885  INFO [main] (TableMetadata.java:65) - HHH000261: Table found: PUBLIC.PUBLIC.AUTHOR
2013-01-21 16:27:11,886  INFO [main] (TableMetadata.java:66) - HHH000037: Columns: [entityid, displayname]
2013-01-21 16:27:11,886  INFO [main] (TableMetadata.java:68) - HHH000108: Foreign keys: []
2013-01-21 16:27:11,886  INFO [main] (TableMetadata.java:69) - HHH000126: Indexes: [sys_idx_sys_pk_10029_10030]
2013-01-21 16:27:11,935  INFO [main] (TableMetadata.java:65) - HHH000261: Table found: PUBLIC.PUBLIC.CATEGORY
2013-01-21 16:27:11,936  INFO [main] (TableMetadata.java:66) - HHH000037: Columns: [category, entityid, parent_entityid]
2013-01-21 16:27:11,936  INFO [main] (TableMetadata.java:68) - HHH000108: Foreign keys: [fk6dd211e55d6dd3e]
2013-01-21 16:27:11,936  INFO [main] (TableMetadata.java:69) - HHH000126: Indexes: [sys_idx_10034, sys_idx_sys_pk_10032_10033]
2013-01-21 16:27:11,974  INFO [main] (TableMetadata.java:65) - HHH000261: Table found: PUBLIC.PUBLIC.CATEGORY_CATEGORY
2013-01-21 16:27:11,974  INFO [main] (TableMetadata.java:66) - HHH000037: Columns: [subcategories_entityid, category_entityid]
2013-01-21 16:27:11,974  INFO [main] (TableMetadata.java:68) - HHH000108: Foreign keys: [fk8635931f1502c76a, fk8635931fe152b9cc]
2013-01-21 16:27:11,974  INFO [main] (TableMetadata.java:69) - HHH000126: Indexes: [sys_idx_sys_ct_10039_10041, sys_idx_10044, sys_idx_sys_pk_10038_10040, sys_idx_10042]
2013-01-21 16:27:12,015  INFO [main] (TableMetadata.java:65) - HHH000261: Table found: PUBLIC.PUBLIC.DIMENSIONS
2013-01-21 16:27:12,016  INFO [main] (TableMetadata.java:66) - HHH000037: Columns: [height, entityid, width, thickness]
2013-01-21 16:27:12,016  INFO [main] (TableMetadata.java:68) - HHH000108: Foreign keys: []
2013-01-21 16:27:12,016  INFO [main] (TableMetadata.java:69) - HHH000126: Indexes: [sys_idx_sys_pk_10047_10048]
2013-01-21 16:27:12,060  INFO [main] (TableMetadata.java:65) - HHH000261: Table found: PUBLIC.PUBLIC.EPUB
2013-01-21 16:27:12,061  INFO [main] (TableMetadata.java:66) - HHH000037: Columns: [acstokenlink, downloadlink, entityid, isavailable]
2013-01-21 16:27:12,061  INFO [main] (TableMetadata.java:68) - HHH000108: Foreign keys: []
2013-01-21 16:27:12,061  INFO [main] (TableMetadata.java:69) - HHH000126: Indexes: [sys_idx_sys_pk_10050_10051]
2013-01-21 16:27:12,087  INFO [main] (TableMetadata.java:65) - HHH000261: Table found: PUBLIC.PUBLIC.IMAGELINKS
2013-01-21 16:27:12,087  INFO [main] (TableMetadata.java:66) - HHH000037: Columns: [thumbnail, entityid, small, medium, large, extralarge, smallthumbnail]
2013-01-21 16:27:12,087  INFO [main] (TableMetadata.java:68) - HHH000108: Foreign keys: []
2013-01-21 16:27:12,087  INFO [main] (TableMetadata.java:69) - HHH000126: Indexes: [sys_idx_sys_pk_10053_10054]
2013-01-21 16:27:12,110  INFO [main] (TableMetadata.java:65) - HHH000261: Table found: PUBLIC.PUBLIC.INDUSTRYIDENTIFIERS
2013-01-21 16:27:12,110  INFO [main] (TableMetadata.java:66) - HHH000037: Columns: [entityid, type, identifier]
2013-01-21 16:27:12,111  INFO [main] (TableMetadata.java:68) - HHH000108: Foreign keys: []
2013-01-21 16:27:12,111  INFO [main] (TableMetadata.java:69) - HHH000126: Indexes: [sys_idx_sys_pk_10056_10057]
2013-01-21 16:27:12,136  INFO [main] (TableMetadata.java:65) - HHH000261: Table found: PUBLIC.PUBLIC.LISTPRICE
2013-01-21 16:27:12,137  INFO [main] (TableMetadata.java:66) - HHH000037: Columns: [amount, entityid, currencycode]
2013-01-21 16:27:12,137  INFO [main] (TableMetadata.java:68) - HHH000108: Foreign keys: []
2013-01-21 16:27:12,137  INFO [main] (TableMetadata.java:69) - HHH000126: Indexes: [sys_idx_sys_pk_10059_10060]
2013-01-21 16:27:12,163  INFO [main] (TableMetadata.java:65) - HHH000261: Table found: PUBLIC.PUBLIC.PDF
2013-01-21 16:27:12,164  INFO [main] (TableMetadata.java:66) - HHH000037: Columns: [acstokenlink, downloadlink, entityid, isavailable]
2013-01-21 16:27:12,164  INFO [main] (TableMetadata.java:68) - HHH000108: Foreign keys: []
2013-01-21 16:27:12,164  INFO [main] (TableMetadata.java:69) - HHH000126: Indexes: [sys_idx_sys_pk_10062_10063]
2013-01-21 16:27:12,199  INFO [main] (TableMetadata.java:65) - HHH000261: Table found: PUBLIC.PUBLIC.RECOMMENDEDINFO
2013-01-21 16:27:12,200  INFO [main] (TableMetadata.java:66) - HHH000037: Columns: [entityid, explanation]
2013-01-21 16:27:12,201  INFO [main] (TableMetadata.java:68) - HHH000108: Foreign keys: []
2013-01-21 16:27:12,201  INFO [main] (TableMetadata.java:69) - HHH000126: Indexes: [sys_idx_sys_pk_10065_10066]
2013-01-21 16:27:12,240  INFO [main] (TableMetadata.java:65) - HHH000261: Table found: PUBLIC.PUBLIC.RETAILPRICE
2013-01-21 16:27:12,241  INFO [main] (TableMetadata.java:66) - HHH000037: Columns: [amount, entityid, currencycode]
2013-01-21 16:27:12,241  INFO [main] (TableMetadata.java:68) - HHH000108: Foreign keys: []
2013-01-21 16:27:12,241  INFO [main] (TableMetadata.java:69) - HHH000126: Indexes: [sys_idx_sys_pk_10068_10069]
2013-01-21 16:27:12,276  INFO [main] (TableMetadata.java:65) - HHH000261: Table found: PUBLIC.PUBLIC.REVIEW
2013-01-21 16:27:12,276  INFO [main] (TableMetadata.java:66) - HHH000037: Columns: [content, title, author_entityid, entityid, fulltexturl, volumeid, rating, type, date, kind, source_entityid]
2013-01-21 16:27:12,277  INFO [main] (TableMetadata.java:68) - HHH000108: Foreign keys: [fk91b3e3788c74974a, fk91b3e3788ed6354a]
2013-01-21 16:27:12,277  INFO [main] (TableMetadata.java:69) - HHH000126: Indexes: [sys_idx_10142, sys_idx_sys_pk_10071_10072, sys_idx_10073]
2013-01-21 16:27:12,327  INFO [main] (TableMetadata.java:65) - HHH000261: Table found: PUBLIC.PUBLIC.SALEINFO
2013-01-21 16:27:12,328  INFO [main] (TableMetadata.java:66) - HHH000037: Columns: [isebook, saleability, entityid, listprice_entityid, retailprice_entityid, buylink, country]
2013-01-21 16:27:12,328  INFO [main] (TableMetadata.java:68) - HHH000108: Foreign keys: [fk773b81b5cc82e510, fk773b81b5ce559b70]
2013-01-21 16:27:12,328  INFO [main] (TableMetadata.java:69) - HHH000126: Indexes: [sys_idx_10080, sys_idx_sys_pk_10076_10077, sys_idx_10078]
2013-01-21 16:27:12,371  INFO [main] (TableMetadata.java:65) - HHH000261: Table found: PUBLIC.PUBLIC.SEARCHINFO
2013-01-21 16:27:12,371  INFO [main] (TableMetadata.java:66) - HHH000037: Columns: [textsnippet, entityid]
2013-01-21 16:27:12,372  INFO [main] (TableMetadata.java:68) - HHH000108: Foreign keys: []
2013-01-21 16:27:12,372  INFO [main] (TableMetadata.java:69) - HHH000126: Indexes: [sys_idx_sys_pk_10083_10084]
2013-01-21 16:27:12,405  INFO [main] (TableMetadata.java:65) - HHH000261: Table found: PUBLIC.PUBLIC.SOURCE
2013-01-21 16:27:12,406  INFO [main] (TableMetadata.java:66) - HHH000037: Columns: [description, entityid, extradescription, url]
2013-01-21 16:27:12,406  INFO [main] (TableMetadata.java:68) - HHH000108: Foreign keys: []
2013-01-21 16:27:12,406  INFO [main] (TableMetadata.java:69) - HHH000126: Indexes: [sys_idx_sys_pk_10086_10087]
2013-01-21 16:27:12,455  INFO [main] (TableMetadata.java:65) - HHH000261: Table found: PUBLIC.PUBLIC.USERINFO
2013-01-21 16:27:12,456  INFO [main] (TableMetadata.java:66) - HHH000037: Columns: [entityid, isinmybooks, ispreordered, review_entityid, ispurchased]
2013-01-21 16:27:12,456  INFO [main] (TableMetadata.java:68) - HHH000108: Foreign keys: [fkf3f34b395de56bea]
2013-01-21 16:27:12,457  INFO [main] (TableMetadata.java:69) - HHH000126: Indexes: [sys_idx_10091, sys_idx_sys_pk_10089_10090]
2013-01-21 16:27:12,500  INFO [main] (TableMetadata.java:65) - HHH000261: Table found: PUBLIC.PUBLIC.VOLUME
2013-01-21 16:27:12,501  INFO [main] (TableMetadata.java:66) - HHH000037: Columns: [etag, entityid, searchinfo_entityid, recommendedinfo_entityid, saleinfo_entityid, userinfo_entityid, kind, id, selflink, volumeinfo_entityid, path, filename, accessinfo_entityid]
2013-01-21 16:27:12,501  INFO [main] (TableMetadata.java:68) - HHH000108: Foreign keys: [fk990fd33a10e1516a, fk990fd33ac5a8a2ca, fk990fd33a3cd1cf8a, fk990fd33a5f566f4a, fk990fd33ae71c5ea, fk990fd33ab26ac730]
2013-01-21 16:27:12,501  INFO [main] (TableMetadata.java:69) - HHH000126: Indexes: [sys_idx_10144, sys_idx_10096, sys_idx_10104, sys_idx_sys_pk_10094_10095, sys_idx_10098, sys_idx_10102, sys_idx_10100]
2013-01-21 16:27:12,543  INFO [main] (TableMetadata.java:65) - HHH000261: Table found: PUBLIC.PUBLIC.VOLUMEINFO
2013-01-21 16:27:12,544  INFO [main] (TableMetadata.java:66) - HHH000037: Columns: [printtype, previewlink, entityid, averagerating, maincategory, publisheddate, publisher, dimensions_entityid, title, ratingscount, description, pagecount, imagelinks_entityid, subtitle, canonicalvolumelink, infolink, language, contentversion]
2013-01-21 16:27:12,544  INFO [main] (TableMetadata.java:68) - HHH000108: Foreign keys: [fk1a427f08c32b10a, fk1a427f089212900a]
2013-01-21 16:27:12,544  INFO [main] (TableMetadata.java:69) - HHH000126: Indexes: [sys_idx_10111, sys_idx_10109, sys_idx_sys_pk_10107_10108]
2013-01-21 16:27:12,583  INFO [main] (TableMetadata.java:65) - HHH000261: Table found: PUBLIC.PUBLIC.VOLUMEINFO_CATEGORY
2013-01-21 16:27:12,584  INFO [main] (TableMetadata.java:66) - HHH000037: Columns: [volumeinfo_entityid, categoriess_entityid]
2013-01-21 16:27:12,584  INFO [main] (TableMetadata.java:68) - HHH000108: Foreign keys: [fk6daa3c753cd1cf8a, fk6daa3c75b53ceab1]
2013-01-21 16:27:12,584  INFO [main] (TableMetadata.java:69) - HHH000126: Indexes: [sys_idx_10117, sys_idx_sys_pk_10115_10116, sys_idx_10119]
2013-01-21 16:27:12,617  INFO [main] (TableMetadata.java:65) - HHH000261: Table found: PUBLIC.PUBLIC.VOLUMEINFO_INDUSTRYIDENTIFIERS
2013-01-21 16:27:12,618  INFO [main] (TableMetadata.java:66) - HHH000037: Columns: [volumeinfo_entityid, industryidentifiers_entityid]
2013-01-21 16:27:12,618  INFO [main] (TableMetadata.java:68) - HHH000108: Foreign keys: [fk9b8418553cd1cf8a, fk9b841855a16084d0]
2013-01-21 16:27:12,618  INFO [main] (TableMetadata.java:69) - HHH000126: Indexes: [sys_idx_sys_ct_10123_10125, sys_idx_10126, sys_idx_10128]
2013-01-21 16:27:12,701  INFO [main] (TableMetadata.java:65) - HHH000261: Table found: PUBLIC.PUBLIC.VOLUMEINFO_AUTHORS
2013-01-21 16:27:12,702  INFO [main] (TableMetadata.java:66) - HHH000037: Columns: [authors, volumeinfo_entityid]
2013-01-21 16:27:12,702  INFO [main] (TableMetadata.java:68) - HHH000108: Foreign keys: [fkb37dae113cd1cf8a]
2013-01-21 16:27:12,702  INFO [main] (TableMetadata.java:69) - HHH000126: Indexes: [sys_idx_10132]
2013-01-21 16:27:12,735  INFO [main] (TableMetadata.java:65) - HHH000261: Table found: PUBLIC.PUBLIC.VOLUMEINFO_CATEGORIES
2013-01-21 16:27:12,736  INFO [main] (TableMetadata.java:66) - HHH000037: Columns: [volumeinfo_entityid, categories]
2013-01-21 16:27:12,736  INFO [main] (TableMetadata.java:68) - HHH000108: Foreign keys: [fk353ae7b33cd1cf8a]
2013-01-21 16:27:12,736  INFO [main] (TableMetadata.java:69) - HHH000126: Indexes: [sys_idx_10136]
2013-01-21 16:27:12,738  INFO [main] (SchemaUpdate.java:240) - HHH000232: Schema update complete
2013-01-21 16:39:11,867  INFO [main] (Version.java:37) - HCANN000001: Hibernate Commons Annotations {4.0.1.Final}
2013-01-21 16:39:11,876  INFO [main] (Version.java:41) - HHH000412: Hibernate Core {4.1.7.Final}
2013-01-21 16:39:11,878  INFO [main] (Environment.java:239) - HHH000206: hibernate.properties not found
2013-01-21 16:39:11,880  INFO [main] (Environment.java:342) - HHH000021: Bytecode provider name : javassist
2013-01-21 16:39:11,903  INFO [main] (Configuration.java:1933) - HHH000043: Configuring from resource: /hibernate.cfg.xml
2013-01-21 16:39:11,903  INFO [main] (Configuration.java:1952) - HHH000040: Configuration resource: /hibernate.cfg.xml
2013-01-21 16:39:11,944  WARN [main] (DTDEntityResolver.java:74) - HHH000223: Recognized obsolete hibernate namespace http://hibernate.sourceforge.net/. Use namespace http://www.hibernate.org/dtd/ instead. Refer to Hibernate 3.6 Migration Guide!
2013-01-21 16:39:11,976  INFO [main] (Configuration.java:2074) - HHH000041: Configured SessionFactory: null
2013-01-21 16:39:12,206  INFO [main] (DriverManagerConnectionProviderImpl.java:96) - HHH000402: Using Hibernate built-in connection pool (not for production use!)
2013-01-21 16:39:12,213  INFO [main] (DriverManagerConnectionProviderImpl.java:130) - HHH000115: Hibernate connection pool size: 1
2013-01-21 16:39:12,213  INFO [main] (DriverManagerConnectionProviderImpl.java:133) - HHH000006: Autocommit mode: false
2013-01-21 16:39:12,214  INFO [main] (DriverManagerConnectionProviderImpl.java:147) - HHH000401: using driver [org.hsqldb.jdbcDriver] at URL [jdbc:hsqldb:file:db/ebook;shutdown=true;hsqldb.write_delay=false;]
2013-01-21 16:39:12,214  INFO [main] (DriverManagerConnectionProviderImpl.java:152) - HHH000046: Connection properties: {user=sa, password=****}
2013-01-21 16:39:12,734  INFO [main] (?:?) - checkpointClose start
2013-01-21 16:39:12,947  INFO [main] (?:?) - checkpointClose end
2013-01-21 16:39:13,063  INFO [main] (Dialect.java:125) - HHH000400: Using dialect: org.hibernate.dialect.HSQLDialect
2013-01-21 16:39:13,088  INFO [main] (TransactionFactoryInitiator.java:68) - HHH000399: Using default transaction strategy (direct JDBC transactions)
2013-01-21 16:39:13,094  INFO [main] (ASTQueryTranslatorFactory.java:48) - HHH000397: Using ASTQueryTranslatorFactory
2013-01-21 16:39:13,141  INFO [main] (Version.java:39) - HSEARCH000034: Hibernate Search 4.1.1.Final
2013-01-21 16:39:13,214  WARN [main] (ConfigContext.java:299) - HSEARCH000075: Configuration setting hibernate.search.lucene_version was not specified, using LUCENE_CURRENT.
2013-01-21 16:39:13,361  INFO [main] (AvroSerializationProvider.java:73) - HSEARCH000079: Serialization protocol version 1.0
2013-01-21 16:39:13,604  INFO [main] (AvroSerializationProvider.java:73) - HSEARCH000079: Serialization protocol version 1.0
2013-01-21 16:39:13,879  INFO [main] (SchemaUpdate.java:182) - HHH000228: Running hbm2ddl schema update
2013-01-21 16:39:13,879  INFO [main] (SchemaUpdate.java:193) - HHH000102: Fetching database metadata
2013-01-21 16:39:13,881  INFO [main] (SchemaUpdate.java:205) - HHH000396: Updating schema
2013-01-21 16:39:13,978  INFO [main] (TableMetadata.java:65) - HHH000261: Table found: PUBLIC.PUBLIC.ACCESSINFO
2013-01-21 16:39:13,979  INFO [main] (TableMetadata.java:66) - HHH000037: Columns: [viewability, publicdomain, embeddable, accessviewstatus, entityid, webreaderlink, pdf_entityid, vieworderurl, epub_entityid, texttospeechpermission, country]
2013-01-21 16:39:13,979  INFO [main] (TableMetadata.java:68) - HHH000108: Foreign keys: [fk32bb185260cb9f2a, fk32bb18527baa3db0]
2013-01-21 16:39:13,980  INFO [main] (TableMetadata.java:69) - HHH000126: Indexes: [sys_idx_10140, sys_idx_10138, sys_idx_sys_pk_10026_10027]
2013-01-21 16:39:14,040  INFO [main] (TableMetadata.java:65) - HHH000261: Table found: PUBLIC.PUBLIC.AUTHOR
2013-01-21 16:39:14,041  INFO [main] (TableMetadata.java:66) - HHH000037: Columns: [entityid, displayname]
2013-01-21 16:39:14,041  INFO [main] (TableMetadata.java:68) - HHH000108: Foreign keys: []
2013-01-21 16:39:14,041  INFO [main] (TableMetadata.java:69) - HHH000126: Indexes: [sys_idx_sys_pk_10029_10030]
2013-01-21 16:39:14,083  INFO [main] (TableMetadata.java:65) - HHH000261: Table found: PUBLIC.PUBLIC.CATEGORY
2013-01-21 16:39:14,083  INFO [main] (TableMetadata.java:66) - HHH000037: Columns: [category, entityid, parent_entityid]
2013-01-21 16:39:14,084  INFO [main] (TableMetadata.java:68) - HHH000108: Foreign keys: [fk6dd211e55d6dd3e]
2013-01-21 16:39:14,084  INFO [main] (TableMetadata.java:69) - HHH000126: Indexes: [sys_idx_10034, sys_idx_sys_pk_10032_10033]
2013-01-21 16:39:14,128  INFO [main] (TableMetadata.java:65) - HHH000261: Table found: PUBLIC.PUBLIC.CATEGORY_CATEGORY
2013-01-21 16:39:14,128  INFO [main] (TableMetadata.java:66) - HHH000037: Columns: [subcategories_entityid, category_entityid]
2013-01-21 16:39:14,128  INFO [main] (TableMetadata.java:68) - HHH000108: Foreign keys: [fk8635931f1502c76a, fk8635931fe152b9cc]
2013-01-21 16:39:14,129  INFO [main] (TableMetadata.java:69) - HHH000126: Indexes: [sys_idx_sys_ct_10039_10041, sys_idx_10044, sys_idx_sys_pk_10038_10040, sys_idx_10042]
2013-01-21 16:39:14,174  INFO [main] (TableMetadata.java:65) - HHH000261: Table found: PUBLIC.PUBLIC.DIMENSIONS
2013-01-21 16:39:14,174  INFO [main] (TableMetadata.java:66) - HHH000037: Columns: [height, entityid, width, thickness]
2013-01-21 16:39:14,174  INFO [main] (TableMetadata.java:68) - HHH000108: Foreign keys: []
2013-01-21 16:39:14,175  INFO [main] (TableMetadata.java:69) - HHH000126: Indexes: [sys_idx_sys_pk_10047_10048]
2013-01-21 16:39:14,204  INFO [main] (TableMetadata.java:65) - HHH000261: Table found: PUBLIC.PUBLIC.EPUB
2013-01-21 16:39:14,204  INFO [main] (TableMetadata.java:66) - HHH000037: Columns: [acstokenlink, downloadlink, entityid, isavailable]
2013-01-21 16:39:14,204  INFO [main] (TableMetadata.java:68) - HHH000108: Foreign keys: []
2013-01-21 16:39:14,205  INFO [main] (TableMetadata.java:69) - HHH000126: Indexes: [sys_idx_sys_pk_10050_10051]
2013-01-21 16:39:14,228  INFO [main] (TableMetadata.java:65) - HHH000261: Table found: PUBLIC.PUBLIC.IMAGELINKS
2013-01-21 16:39:14,229  INFO [main] (TableMetadata.java:66) - HHH000037: Columns: [thumbnail, entityid, small, medium, large, extralarge, smallthumbnail]
2013-01-21 16:39:14,229  INFO [main] (TableMetadata.java:68) - HHH000108: Foreign keys: []
2013-01-21 16:39:14,229  INFO [main] (TableMetadata.java:69) - HHH000126: Indexes: [sys_idx_sys_pk_10053_10054]
2013-01-21 16:39:14,253  INFO [main] (TableMetadata.java:65) - HHH000261: Table found: PUBLIC.PUBLIC.INDUSTRYIDENTIFIERS
2013-01-21 16:39:14,253  INFO [main] (TableMetadata.java:66) - HHH000037: Columns: [entityid, type, identifier]
2013-01-21 16:39:14,254  INFO [main] (TableMetadata.java:68) - HHH000108: Foreign keys: []
2013-01-21 16:39:14,254  INFO [main] (TableMetadata.java:69) - HHH000126: Indexes: [sys_idx_sys_pk_10056_10057]
2013-01-21 16:39:14,274  INFO [main] (TableMetadata.java:65) - HHH000261: Table found: PUBLIC.PUBLIC.LISTPRICE
2013-01-21 16:39:14,275  INFO [main] (TableMetadata.java:66) - HHH000037: Columns: [amount, entityid, currencycode]
2013-01-21 16:39:14,275  INFO [main] (TableMetadata.java:68) - HHH000108: Foreign keys: []
2013-01-21 16:39:14,275  INFO [main] (TableMetadata.java:69) - HHH000126: Indexes: [sys_idx_sys_pk_10059_10060]
2013-01-21 16:39:14,294  INFO [main] (TableMetadata.java:65) - HHH000261: Table found: PUBLIC.PUBLIC.PDF
2013-01-21 16:39:14,295  INFO [main] (TableMetadata.java:66) - HHH000037: Columns: [acstokenlink, downloadlink, entityid, isavailable]
2013-01-21 16:39:14,295  INFO [main] (TableMetadata.java:68) - HHH000108: Foreign keys: []
2013-01-21 16:39:14,295  INFO [main] (TableMetadata.java:69) - HHH000126: Indexes: [sys_idx_sys_pk_10062_10063]
2013-01-21 16:39:14,314  INFO [main] (TableMetadata.java:65) - HHH000261: Table found: PUBLIC.PUBLIC.RECOMMENDEDINFO
2013-01-21 16:39:14,315  INFO [main] (TableMetadata.java:66) - HHH000037: Columns: [entityid, explanation]
2013-01-21 16:39:14,319  INFO [main] (TableMetadata.java:68) - HHH000108: Foreign keys: []
2013-01-21 16:39:14,320  INFO [main] (TableMetadata.java:69) - HHH000126: Indexes: [sys_idx_sys_pk_10065_10066]
2013-01-21 16:39:14,347  INFO [main] (TableMetadata.java:65) - HHH000261: Table found: PUBLIC.PUBLIC.RETAILPRICE
2013-01-21 16:39:14,348  INFO [main] (TableMetadata.java:66) - HHH000037: Columns: [amount, entityid, currencycode]
2013-01-21 16:39:14,348  INFO [main] (TableMetadata.java:68) - HHH000108: Foreign keys: []
2013-01-21 16:39:14,349  INFO [main] (TableMetadata.java:69) - HHH000126: Indexes: [sys_idx_sys_pk_10068_10069]
2013-01-21 16:39:14,390  INFO [main] (TableMetadata.java:65) - HHH000261: Table found: PUBLIC.PUBLIC.REVIEW
2013-01-21 16:39:14,391  INFO [main] (TableMetadata.java:66) - HHH000037: Columns: [content, title, author_entityid, entityid, fulltexturl, volumeid, rating, type, date, kind, source_entityid]
2013-01-21 16:39:14,391  INFO [main] (TableMetadata.java:68) - HHH000108: Foreign keys: [fk91b3e3788c74974a, fk91b3e3788ed6354a]
2013-01-21 16:39:14,392  INFO [main] (TableMetadata.java:69) - HHH000126: Indexes: [sys_idx_10142, sys_idx_sys_pk_10071_10072, sys_idx_10073]
2013-01-21 16:39:14,424  INFO [main] (TableMetadata.java:65) - HHH000261: Table found: PUBLIC.PUBLIC.SALEINFO
2013-01-21 16:39:14,425  INFO [main] (TableMetadata.java:66) - HHH000037: Columns: [isebook, saleability, entityid, listprice_entityid, retailprice_entityid, buylink, country]
2013-01-21 16:39:14,425  INFO [main] (TableMetadata.java:68) - HHH000108: Foreign keys: [fk773b81b5cc82e510, fk773b81b5ce559b70]
2013-01-21 16:39:14,425  INFO [main] (TableMetadata.java:69) - HHH000126: Indexes: [sys_idx_10080, sys_idx_sys_pk_10076_10077, sys_idx_10078]
2013-01-21 16:39:14,471  INFO [main] (TableMetadata.java:65) - HHH000261: Table found: PUBLIC.PUBLIC.SEARCHINFO
2013-01-21 16:39:14,471  INFO [main] (TableMetadata.java:66) - HHH000037: Columns: [textsnippet, entityid]
2013-01-21 16:39:14,471  INFO [main] (TableMetadata.java:68) - HHH000108: Foreign keys: []
2013-01-21 16:39:14,472  INFO [main] (TableMetadata.java:69) - HHH000126: Indexes: [sys_idx_sys_pk_10083_10084]
2013-01-21 16:39:14,523  INFO [main] (TableMetadata.java:65) - HHH000261: Table found: PUBLIC.PUBLIC.SOURCE
2013-01-21 16:39:14,524  INFO [main] (TableMetadata.java:66) - HHH000037: Columns: [description, entityid, extradescription, url]
2013-01-21 16:39:14,524  INFO [main] (TableMetadata.java:68) - HHH000108: Foreign keys: []
2013-01-21 16:39:14,524  INFO [main] (TableMetadata.java:69) - HHH000126: Indexes: [sys_idx_sys_pk_10086_10087]
2013-01-21 16:39:14,569  INFO [main] (TableMetadata.java:65) - HHH000261: Table found: PUBLIC.PUBLIC.USERINFO
2013-01-21 16:39:14,569  INFO [main] (TableMetadata.java:66) - HHH000037: Columns: [entityid, isinmybooks, ispreordered, review_entityid, ispurchased]
2013-01-21 16:39:14,569  INFO [main] (TableMetadata.java:68) - HHH000108: Foreign keys: [fkf3f34b395de56bea]
2013-01-21 16:39:14,570  INFO [main] (TableMetadata.java:69) - HHH000126: Indexes: [sys_idx_10091, sys_idx_sys_pk_10089_10090]
2013-01-21 16:39:14,609  INFO [main] (TableMetadata.java:65) - HHH000261: Table found: PUBLIC.PUBLIC.VOLUME
2013-01-21 16:39:14,610  INFO [main] (TableMetadata.java:66) - HHH000037: Columns: [etag, entityid, searchinfo_entityid, recommendedinfo_entityid, saleinfo_entityid, userinfo_entityid, kind, id, selflink, volumeinfo_entityid, path, filename, accessinfo_entityid]
2013-01-21 16:39:14,610  INFO [main] (TableMetadata.java:68) - HHH000108: Foreign keys: [fk990fd33a10e1516a, fk990fd33ac5a8a2ca, fk990fd33a3cd1cf8a, fk990fd33a5f566f4a, fk990fd33ae71c5ea, fk990fd33ab26ac730]
2013-01-21 16:39:14,610  INFO [main] (TableMetadata.java:69) - HHH000126: Indexes: [sys_idx_10144, sys_idx_10096, sys_idx_10104, sys_idx_sys_pk_10094_10095, sys_idx_10098, sys_idx_10102, sys_idx_10100]
2013-01-21 16:39:14,652  INFO [main] (TableMetadata.java:65) - HHH000261: Table found: PUBLIC.PUBLIC.VOLUMEINFO
2013-01-21 16:39:14,652  INFO [main] (TableMetadata.java:66) - HHH000037: Columns: [printtype, previewlink, entityid, averagerating, maincategory, publisheddate, publisher, dimensions_entityid, title, ratingscount, description, pagecount, imagelinks_entityid, subtitle, canonicalvolumelink, infolink, language, contentversion]
2013-01-21 16:39:14,652  INFO [main] (TableMetadata.java:68) - HHH000108: Foreign keys: [fk1a427f08c32b10a, fk1a427f089212900a]
2013-01-21 16:39:14,653  INFO [main] (TableMetadata.java:69) - HHH000126: Indexes: [sys_idx_10111, sys_idx_10109, sys_idx_sys_pk_10107_10108]
2013-01-21 16:39:14,688  INFO [main] (TableMetadata.java:65) - HHH000261: Table found: PUBLIC.PUBLIC.VOLUMEINFO_CATEGORY
2013-01-21 16:39:14,689  INFO [main] (TableMetadata.java:66) - HHH000037: Columns: [volumeinfo_entityid, categoriess_entityid]
2013-01-21 16:39:14,689  INFO [main] (TableMetadata.java:68) - HHH000108: Foreign keys: [fk6daa3c753cd1cf8a, fk6daa3c75b53ceab1]
2013-01-21 16:39:14,689  INFO [main] (TableMetadata.java:69) - HHH000126: Indexes: [sys_idx_10117, sys_idx_sys_pk_10115_10116, sys_idx_10119]
2013-01-21 16:39:14,730  INFO [main] (TableMetadata.java:65) - HHH000261: Table found: PUBLIC.PUBLIC.VOLUMEINFO_INDUSTRYIDENTIFIERS
2013-01-21 16:39:14,730  INFO [main] (TableMetadata.java:66) - HHH000037: Columns: [volumeinfo_entityid, industryidentifiers_entityid]
2013-01-21 16:39:14,730  INFO [main] (TableMetadata.java:68) - HHH000108: Foreign keys: [fk9b8418553cd1cf8a, fk9b841855a16084d0]
2013-01-21 16:39:14,730  INFO [main] (TableMetadata.java:69) - HHH000126: Indexes: [sys_idx_sys_ct_10123_10125, sys_idx_10126, sys_idx_10128]
2013-01-21 16:39:14,806  INFO [main] (TableMetadata.java:65) - HHH000261: Table found: PUBLIC.PUBLIC.VOLUMEINFO_AUTHORS
2013-01-21 16:39:14,806  INFO [main] (TableMetadata.java:66) - HHH000037: Columns: [authors, volumeinfo_entityid]
2013-01-21 16:39:14,806  INFO [main] (TableMetadata.java:68) - HHH000108: Foreign keys: [fkb37dae113cd1cf8a]
2013-01-21 16:39:14,806  INFO [main] (TableMetadata.java:69) - HHH000126: Indexes: [sys_idx_10132]
2013-01-21 16:39:14,844  INFO [main] (TableMetadata.java:65) - HHH000261: Table found: PUBLIC.PUBLIC.VOLUMEINFO_CATEGORIES
2013-01-21 16:39:14,844  INFO [main] (TableMetadata.java:66) - HHH000037: Columns: [volumeinfo_entityid, categories]
2013-01-21 16:39:14,844  INFO [main] (TableMetadata.java:68) - HHH000108: Foreign keys: [fk353ae7b33cd1cf8a]
2013-01-21 16:39:14,844  INFO [main] (TableMetadata.java:69) - HHH000126: Indexes: [sys_idx_10136]
2013-01-21 16:39:14,846  INFO [main] (SchemaUpdate.java:240) - HHH000232: Schema update complete
2013-01-21 16:40:48,085  INFO [main] (Version.java:37) - HCANN000001: Hibernate Commons Annotations {4.0.1.Final}
2013-01-21 16:40:48,094  INFO [main] (Version.java:41) - HHH000412: Hibernate Core {4.1.7.Final}
2013-01-21 16:40:48,096  INFO [main] (Environment.java:239) - HHH000206: hibernate.properties not found
2013-01-21 16:40:48,097  INFO [main] (Environment.java:342) - HHH000021: Bytecode provider name : javassist
2013-01-21 16:40:48,120  INFO [main] (Configuration.java:1933) - HHH000043: Configuring from resource: /hibernate.cfg.xml
2013-01-21 16:40:48,121  INFO [main] (Configuration.java:1952) - HHH000040: Configuration resource: /hibernate.cfg.xml
2013-01-21 16:40:48,162  WARN [main] (DTDEntityResolver.java:74) - HHH000223: Recognized obsolete hibernate namespace http://hibernate.sourceforge.net/. Use namespace http://www.hibernate.org/dtd/ instead. Refer to Hibernate 3.6 Migration Guide!
2013-01-21 16:40:48,200  INFO [main] (Configuration.java:2074) - HHH000041: Configured SessionFactory: null
2013-01-21 16:40:48,432  INFO [main] (DriverManagerConnectionProviderImpl.java:96) - HHH000402: Using Hibernate built-in connection pool (not for production use!)
2013-01-21 16:40:48,440  INFO [main] (DriverManagerConnectionProviderImpl.java:130) - HHH000115: Hibernate connection pool size: 1
2013-01-21 16:40:48,440  INFO [main] (DriverManagerConnectionProviderImpl.java:133) - HHH000006: Autocommit mode: false
2013-01-21 16:40:48,441  INFO [main] (DriverManagerConnectionProviderImpl.java:147) - HHH000401: using driver [org.hsqldb.jdbcDriver] at URL [jdbc:hsqldb:file:db/ebook;shutdown=true;hsqldb.write_delay=false;]
2013-01-21 16:40:48,441  INFO [main] (DriverManagerConnectionProviderImpl.java:152) - HHH000046: Connection properties: {user=sa, password=****}
2013-01-21 16:40:49,047  INFO [main] (?:?) - checkpointClose start
2013-01-21 16:40:49,257  INFO [main] (?:?) - checkpointClose end
2013-01-21 16:40:49,464  INFO [main] (Dialect.java:125) - HHH000400: Using dialect: org.hibernate.dialect.HSQLDialect
2013-01-21 16:40:49,490  INFO [main] (TransactionFactoryInitiator.java:68) - HHH000399: Using default transaction strategy (direct JDBC transactions)
2013-01-21 16:40:49,510  INFO [main] (ASTQueryTranslatorFactory.java:48) - HHH000397: Using ASTQueryTranslatorFactory
2013-01-21 16:40:49,578  INFO [main] (Version.java:39) - HSEARCH000034: Hibernate Search 4.1.1.Final
2013-01-21 16:40:49,693  WARN [main] (ConfigContext.java:299) - HSEARCH000075: Configuration setting hibernate.search.lucene_version was not specified, using LUCENE_CURRENT.
2013-01-21 16:40:49,907  INFO [main] (AvroSerializationProvider.java:73) - HSEARCH000079: Serialization protocol version 1.0
2013-01-21 16:40:50,173  INFO [main] (AvroSerializationProvider.java:73) - HSEARCH000079: Serialization protocol version 1.0
2013-01-21 16:40:50,510  INFO [main] (SchemaUpdate.java:182) - HHH000228: Running hbm2ddl schema update
2013-01-21 16:40:50,510  INFO [main] (SchemaUpdate.java:193) - HHH000102: Fetching database metadata
2013-01-21 16:40:50,514  INFO [main] (SchemaUpdate.java:205) - HHH000396: Updating schema
2013-01-21 16:40:50,643  INFO [main] (TableMetadata.java:65) - HHH000261: Table found: PUBLIC.PUBLIC.ACCESSINFO
2013-01-21 16:40:50,644  INFO [main] (TableMetadata.java:66) - HHH000037: Columns: [viewability, publicdomain, embeddable, accessviewstatus, entityid, webreaderlink, pdf_entityid, vieworderurl, epub_entityid, texttospeechpermission, country]
2013-01-21 16:40:50,644  INFO [main] (TableMetadata.java:68) - HHH000108: Foreign keys: [fk32bb185260cb9f2a, fk32bb18527baa3db0]
2013-01-21 16:40:50,644  INFO [main] (TableMetadata.java:69) - HHH000126: Indexes: [sys_idx_10140, sys_idx_10138, sys_idx_sys_pk_10026_10027]
2013-01-21 16:40:50,715  INFO [main] (TableMetadata.java:65) - HHH000261: Table found: PUBLIC.PUBLIC.AUTHOR
2013-01-21 16:40:50,716  INFO [main] (TableMetadata.java:66) - HHH000037: Columns: [entityid, displayname]
2013-01-21 16:40:50,716  INFO [main] (TableMetadata.java:68) - HHH000108: Foreign keys: []
2013-01-21 16:40:50,716  INFO [main] (TableMetadata.java:69) - HHH000126: Indexes: [sys_idx_sys_pk_10029_10030]
2013-01-21 16:40:50,766  INFO [main] (TableMetadata.java:65) - HHH000261: Table found: PUBLIC.PUBLIC.CATEGORY
2013-01-21 16:40:50,767  INFO [main] (TableMetadata.java:66) - HHH000037: Columns: [category, entityid, parent_entityid]
2013-01-21 16:40:50,767  INFO [main] (TableMetadata.java:68) - HHH000108: Foreign keys: [fk6dd211e55d6dd3e]
2013-01-21 16:40:50,768  INFO [main] (TableMetadata.java:69) - HHH000126: Indexes: [sys_idx_10034, sys_idx_sys_pk_10032_10033]
2013-01-21 16:40:50,821  INFO [main] (TableMetadata.java:65) - HHH000261: Table found: PUBLIC.PUBLIC.CATEGORY_CATEGORY
2013-01-21 16:40:50,822  INFO [main] (TableMetadata.java:66) - HHH000037: Columns: [subcategories_entityid, category_entityid]
2013-01-21 16:40:50,822  INFO [main] (TableMetadata.java:68) - HHH000108: Foreign keys: [fk8635931f1502c76a, fk8635931fe152b9cc]
2013-01-21 16:40:50,822  INFO [main] (TableMetadata.java:69) - HHH000126: Indexes: [sys_idx_sys_ct_10039_10041, sys_idx_10044, sys_idx_sys_pk_10038_10040, sys_idx_10042]
2013-01-21 16:40:50,881  INFO [main] (TableMetadata.java:65) - HHH000261: Table found: PUBLIC.PUBLIC.DIMENSIONS
2013-01-21 16:40:50,882  INFO [main] (TableMetadata.java:66) - HHH000037: Columns: [height, entityid, width, thickness]
2013-01-21 16:40:50,882  INFO [main] (TableMetadata.java:68) - HHH000108: Foreign keys: []
2013-01-21 16:40:50,883  INFO [main] (TableMetadata.java:69) - HHH000126: Indexes: [sys_idx_sys_pk_10047_10048]
2013-01-21 16:40:50,915  INFO [main] (TableMetadata.java:65) - HHH000261: Table found: PUBLIC.PUBLIC.EPUB
2013-01-21 16:40:50,916  INFO [main] (TableMetadata.java:66) - HHH000037: Columns: [acstokenlink, downloadlink, entityid, isavailable]
2013-01-21 16:40:50,916  INFO [main] (TableMetadata.java:68) - HHH000108: Foreign keys: []
2013-01-21 16:40:50,917  INFO [main] (TableMetadata.java:69) - HHH000126: Indexes: [sys_idx_sys_pk_10050_10051]
2013-01-21 16:40:50,954  INFO [main] (TableMetadata.java:65) - HHH000261: Table found: PUBLIC.PUBLIC.IMAGELINKS
2013-01-21 16:40:50,954  INFO [main] (TableMetadata.java:66) - HHH000037: Columns: [thumbnail, entityid, small, medium, large, extralarge, smallthumbnail]
2013-01-21 16:40:50,955  INFO [main] (TableMetadata.java:68) - HHH000108: Foreign keys: []
2013-01-21 16:40:50,955  INFO [main] (TableMetadata.java:69) - HHH000126: Indexes: [sys_idx_sys_pk_10053_10054]
2013-01-21 16:40:50,994  INFO [main] (TableMetadata.java:65) - HHH000261: Table found: PUBLIC.PUBLIC.INDUSTRYIDENTIFIERS
2013-01-21 16:40:50,995  INFO [main] (TableMetadata.java:66) - HHH000037: Columns: [entityid, type, identifier]
2013-01-21 16:40:50,995  INFO [main] (TableMetadata.java:68) - HHH000108: Foreign keys: []
2013-01-21 16:40:50,995  INFO [main] (TableMetadata.java:69) - HHH000126: Indexes: [sys_idx_sys_pk_10056_10057]
2013-01-21 16:40:51,026  INFO [main] (TableMetadata.java:65) - HHH000261: Table found: PUBLIC.PUBLIC.LISTPRICE
2013-01-21 16:40:51,026  INFO [main] (TableMetadata.java:66) - HHH000037: Columns: [amount, entityid, currencycode]
2013-01-21 16:40:51,026  INFO [main] (TableMetadata.java:68) - HHH000108: Foreign keys: []
2013-01-21 16:40:51,027  INFO [main] (TableMetadata.java:69) - HHH000126: Indexes: [sys_idx_sys_pk_10059_10060]
2013-01-21 16:40:51,057  INFO [main] (TableMetadata.java:65) - HHH000261: Table found: PUBLIC.PUBLIC.PDF
2013-01-21 16:40:51,057  INFO [main] (TableMetadata.java:66) - HHH000037: Columns: [acstokenlink, downloadlink, entityid, isavailable]
2013-01-21 16:40:51,057  INFO [main] (TableMetadata.java:68) - HHH000108: Foreign keys: []
2013-01-21 16:40:51,058  INFO [main] (TableMetadata.java:69) - HHH000126: Indexes: [sys_idx_sys_pk_10062_10063]
2013-01-21 16:40:51,092  INFO [main] (TableMetadata.java:65) - HHH000261: Table found: PUBLIC.PUBLIC.RECOMMENDEDINFO
2013-01-21 16:40:51,093  INFO [main] (TableMetadata.java:66) - HHH000037: Columns: [entityid, explanation]
2013-01-21 16:40:51,093  INFO [main] (TableMetadata.java:68) - HHH000108: Foreign keys: []
2013-01-21 16:40:51,093  INFO [main] (TableMetadata.java:69) - HHH000126: Indexes: [sys_idx_sys_pk_10065_10066]
2013-01-21 16:40:51,128  INFO [main] (TableMetadata.java:65) - HHH000261: Table found: PUBLIC.PUBLIC.RETAILPRICE
2013-01-21 16:40:51,129  INFO [main] (TableMetadata.java:66) - HHH000037: Columns: [amount, entityid, currencycode]
2013-01-21 16:40:51,129  INFO [main] (TableMetadata.java:68) - HHH000108: Foreign keys: []
2013-01-21 16:40:51,129  INFO [main] (TableMetadata.java:69) - HHH000126: Indexes: [sys_idx_sys_pk_10068_10069]
2013-01-21 16:40:51,164  INFO [main] (TableMetadata.java:65) - HHH000261: Table found: PUBLIC.PUBLIC.REVIEW
2013-01-21 16:40:51,165  INFO [main] (TableMetadata.java:66) - HHH000037: Columns: [content, title, author_entityid, entityid, fulltexturl, volumeid, rating, type, date, kind, source_entityid]
2013-01-21 16:40:51,165  INFO [main] (TableMetadata.java:68) - HHH000108: Foreign keys: [fk91b3e3788c74974a, fk91b3e3788ed6354a]
2013-01-21 16:40:51,165  INFO [main] (TableMetadata.java:69) - HHH000126: Indexes: [sys_idx_10142, sys_idx_sys_pk_10071_10072, sys_idx_10073]
2013-01-21 16:40:51,219  INFO [main] (TableMetadata.java:65) - HHH000261: Table found: PUBLIC.PUBLIC.SALEINFO
2013-01-21 16:40:51,219  INFO [main] (TableMetadata.java:66) - HHH000037: Columns: [isebook, saleability, entityid, listprice_entityid, retailprice_entityid, buylink, country]
2013-01-21 16:40:51,220  INFO [main] (TableMetadata.java:68) - HHH000108: Foreign keys: [fk773b81b5cc82e510, fk773b81b5ce559b70]
2013-01-21 16:40:51,220  INFO [main] (TableMetadata.java:69) - HHH000126: Indexes: [sys_idx_10080, sys_idx_sys_pk_10076_10077, sys_idx_10078]
2013-01-21 16:40:51,274  INFO [main] (TableMetadata.java:65) - HHH000261: Table found: PUBLIC.PUBLIC.SEARCHINFO
2013-01-21 16:40:51,277  INFO [main] (TableMetadata.java:66) - HHH000037: Columns: [textsnippet, entityid]
2013-01-21 16:40:51,277  INFO [main] (TableMetadata.java:68) - HHH000108: Foreign keys: []
2013-01-21 16:40:51,277  INFO [main] (TableMetadata.java:69) - HHH000126: Indexes: [sys_idx_sys_pk_10083_10084]
2013-01-21 16:40:51,320  INFO [main] (TableMetadata.java:65) - HHH000261: Table found: PUBLIC.PUBLIC.SOURCE
2013-01-21 16:40:51,321  INFO [main] (TableMetadata.java:66) - HHH000037: Columns: [description, entityid, extradescription, url]
2013-01-21 16:40:51,321  INFO [main] (TableMetadata.java:68) - HHH000108: Foreign keys: []
2013-01-21 16:40:51,321  INFO [main] (TableMetadata.java:69) - HHH000126: Indexes: [sys_idx_sys_pk_10086_10087]
2013-01-21 16:40:51,368  INFO [main] (TableMetadata.java:65) - HHH000261: Table found: PUBLIC.PUBLIC.USERINFO
2013-01-21 16:40:51,369  INFO [main] (TableMetadata.java:66) - HHH000037: Columns: [entityid, isinmybooks, ispreordered, review_entityid, ispurchased]
2013-01-21 16:40:51,369  INFO [main] (TableMetadata.java:68) - HHH000108: Foreign keys: [fkf3f34b395de56bea]
2013-01-21 16:40:51,370  INFO [main] (TableMetadata.java:69) - HHH000126: Indexes: [sys_idx_10091, sys_idx_sys_pk_10089_10090]
2013-01-21 16:40:51,417  INFO [main] (TableMetadata.java:65) - HHH000261: Table found: PUBLIC.PUBLIC.VOLUME
2013-01-21 16:40:51,418  INFO [main] (TableMetadata.java:66) - HHH000037: Columns: [etag, entityid, searchinfo_entityid, recommendedinfo_entityid, saleinfo_entityid, userinfo_entityid, kind, id, selflink, volumeinfo_entityid, path, filename, accessinfo_entityid]
2013-01-21 16:40:51,418  INFO [main] (TableMetadata.java:68) - HHH000108: Foreign keys: [fk990fd33a10e1516a, fk990fd33ac5a8a2ca, fk990fd33a3cd1cf8a, fk990fd33a5f566f4a, fk990fd33ae71c5ea, fk990fd33ab26ac730]
2013-01-21 16:40:51,418  INFO [main] (TableMetadata.java:69) - HHH000126: Indexes: [sys_idx_10144, sys_idx_10096, sys_idx_10104, sys_idx_sys_pk_10094_10095, sys_idx_10098, sys_idx_10102, sys_idx_10100]
2013-01-21 16:40:51,462  INFO [main] (TableMetadata.java:65) - HHH000261: Table found: PUBLIC.PUBLIC.VOLUMEINFO
2013-01-21 16:40:51,463  INFO [main] (TableMetadata.java:66) - HHH000037: Columns: [printtype, previewlink, entityid, averagerating, maincategory, publisheddate, publisher, dimensions_entityid, title, ratingscount, description, pagecount, imagelinks_entityid, subtitle, canonicalvolumelink, infolink, language, contentversion]
2013-01-21 16:40:51,463  INFO [main] (TableMetadata.java:68) - HHH000108: Foreign keys: [fk1a427f08c32b10a, fk1a427f089212900a]
2013-01-21 16:40:51,463  INFO [main] (TableMetadata.java:69) - HHH000126: Indexes: [sys_idx_10111, sys_idx_10109, sys_idx_sys_pk_10107_10108]
2013-01-21 16:40:51,506  INFO [main] (TableMetadata.java:65) - HHH000261: Table found: PUBLIC.PUBLIC.VOLUMEINFO_CATEGORY
2013-01-21 16:40:51,507  INFO [main] (TableMetadata.java:66) - HHH000037: Columns: [volumeinfo_entityid, categoriess_entityid]
2013-01-21 16:40:51,507  INFO [main] (TableMetadata.java:68) - HHH000108: Foreign keys: [fk6daa3c753cd1cf8a, fk6daa3c75b53ceab1]
2013-01-21 16:40:51,507  INFO [main] (TableMetadata.java:69) - HHH000126: Indexes: [sys_idx_10117, sys_idx_sys_pk_10115_10116, sys_idx_10119]
2013-01-21 16:40:51,550  INFO [main] (TableMetadata.java:65) - HHH000261: Table found: PUBLIC.PUBLIC.VOLUMEINFO_INDUSTRYIDENTIFIERS
2013-01-21 16:40:51,550  INFO [main] (TableMetadata.java:66) - HHH000037: Columns: [volumeinfo_entityid, industryidentifiers_entityid]
2013-01-21 16:40:51,551  INFO [main] (TableMetadata.java:68) - HHH000108: Foreign keys: [fk9b8418553cd1cf8a, fk9b841855a16084d0]
2013-01-21 16:40:51,551  INFO [main] (TableMetadata.java:69) - HHH000126: Indexes: [sys_idx_sys_ct_10123_10125, sys_idx_10126, sys_idx_10128]
2013-01-21 16:40:51,606  INFO [main] (TableMetadata.java:65) - HHH000261: Table found: PUBLIC.PUBLIC.VOLUMEINFO_AUTHORS
2013-01-21 16:40:51,607  INFO [main] (TableMetadata.java:66) - HHH000037: Columns: [authors, volumeinfo_entityid]
2013-01-21 16:40:51,607  INFO [main] (TableMetadata.java:68) - HHH000108: Foreign keys: [fkb37dae113cd1cf8a]
2013-01-21 16:40:51,607  INFO [main] (TableMetadata.java:69) - HHH000126: Indexes: [sys_idx_10132]
2013-01-21 16:40:51,643  INFO [main] (TableMetadata.java:65) - HHH000261: Table found: PUBLIC.PUBLIC.VOLUMEINFO_CATEGORIES
2013-01-21 16:40:51,644  INFO [main] (TableMetadata.java:66) - HHH000037: Columns: [volumeinfo_entityid, categories]
2013-01-21 16:40:51,644  INFO [main] (TableMetadata.java:68) - HHH000108: Foreign keys: [fk353ae7b33cd1cf8a]
2013-01-21 16:40:51,645  INFO [main] (TableMetadata.java:69) - HHH000126: Indexes: [sys_idx_10136]
2013-01-21 16:40:51,647  INFO [main] (SchemaUpdate.java:240) - HHH000232: Schema update complete
