2013-01-08 11:09:59,082  INFO [BookReaderThread-pool-1] (SearchISBN.java:37) - Openning: AddedBytes Cheat Sheets JavaScript.pdf
2013-01-08 11:09:59,082  INFO [BookReaderThread-pool-2] (SearchISBN.java:37) - Openning: Addison-Wesley Developing Hybrid Applications for the iPhone, Using HTML CSS and JavaScript to Build Dynamic Apps for the iPhone (2009).pdf
2013-01-08 11:09:59,103  INFO [BookReaderThread-pool-6] (SearchISBN.java:37) - Openning: Adobe Press Extending Acrobat Forms with JavaScript (2003) (no OCR).pdf
2013-01-08 11:09:59,103  INFO [BookReaderThread-pool-10] (SearchISBN.java:37) - Openning: Apress DOM Scripting, Web Design with JavaScript and the Document Object Model (2005).pdf
2013-01-08 11:09:59,104  INFO [BookReaderThread-pool-5] (SearchISBN.java:37) - Openning: Adobe Press Acrobat 7.0 JavaScript Scripting Reference (2005).pdf
2013-01-08 11:09:59,104  INFO [BookReaderThread-pool-9] (SearchISBN.java:37) - Openning: Apress Beginning Smartphone Web Development (2009).pdf
2013-01-08 11:09:59,107  INFO [BookReaderThread-pool-4] (SearchISBN.java:37) - Openning: Addison-Wesley Professional Dojo, Using the Dojo JavaScript Library to Build AJAX Applications (2009).pdf
2013-01-08 11:09:59,107  INFO [BookReaderThread-pool-8] (SearchISBN.java:37) - Openning: Apress Beginning PhoneGap, Mobile Web Framework for JavaScript and HTML5 (2012).pdf
2013-01-08 11:09:59,107  INFO [BookReaderThread-pool-3] (SearchISBN.java:37) - Openning: Addison-Wesley Dojo, Using the Dojo JavaScript Library to Build Ajax Applications (2009).pdf
2013-01-08 11:09:59,114  INFO [BookReaderThread-pool-7] (SearchISBN.java:37) - Openning: Apress Beginning iPhone and iPad Web Apps, Scripting with HTML5 CSS3 and JavaScript (2010).pdf
2013-01-08 11:09:59,867 DEBUG [BookReaderThread-pool-1] (SearchISBN.java:40) - AddedBytes Cheat Sheets JavaScript.pdf is open and contains 1 pages
2013-01-08 11:09:59,870  INFO [BookReaderThread-pool-1] (SearchISBN.java:37) - Openning: Apress DOM Scripting, Web Design with JavaScript and the Document Object Model 2nd (2010).pdf
2013-01-08 11:10:00,560 DEBUG [BookReaderThread-pool-4] (SearchISBN.java:40) - Addison-Wesley Professional Dojo, Using the Dojo JavaScript Library to Build AJAX Applications (2009).pdf is open and contains 317 pages
2013-01-08 11:10:00,907 DEBUG [BookReaderThread-pool-10] (SearchISBN.java:40) - Apress DOM Scripting, Web Design with JavaScript and the Document Object Model (2005).pdf is open and contains 345 pages
2013-01-08 11:10:00,989 DEBUG [BookReaderThread-pool-3] (SearchISBN.java:40) - Addison-Wesley Dojo, Using the Dojo JavaScript Library to Build Ajax Applications (2009).pdf is open and contains 334 pages
2013-01-08 11:10:01,748 DEBUG [BookReaderThread-pool-2] (SearchISBN.java:40) - Addison-Wesley Developing Hybrid Applications for the iPhone, Using HTML CSS and JavaScript to Build Dynamic Apps for the iPhone (2009).pdf is open and contains 214 pages
2013-01-08 11:10:01,752 DEBUG [BookReaderThread-pool-1] (SearchISBN.java:40) - Apress DOM Scripting, Web Design with JavaScript and the Document Object Model 2nd (2010).pdf is open and contains 337 pages
2013-01-08 11:10:01,765 DEBUG [BookReaderThread-pool-8] (SearchISBN.java:40) - Apress Beginning PhoneGap, Mobile Web Framework for JavaScript and HTML5 (2012).pdf is open and contains 346 pages
2013-01-08 11:10:01,782 DEBUG [BookReaderThread-pool-9] (SearchISBN.java:40) - Apress Beginning Smartphone Web Development (2009).pdf is open and contains 366 pages
2013-01-08 11:10:02,191 DEBUG [BookReaderThread-pool-5] (SearchISBN.java:40) - Adobe Press Acrobat 7.0 JavaScript Scripting Reference (2005).pdf is open and contains 680 pages
2013-01-08 11:10:02,248  INFO [BookReaderThread-pool-3] (SearchISBN.java:75) - Addison-Wesley Dojo, Using the Dojo JavaScript Library to Build Ajax Applications (2009).pdf: isbn found on page 5
2013-01-08 11:10:02,468 DEBUG [BookReaderThread-pool-3] (SearchISBN.java:81) - ISBN 0-13-235804-2
2013-01-08 11:10:02,471  INFO [BookReaderThread-pool-3] (SearchISBN.java:37) - Openning: Apress Foundation HTML5 Animation with JavaScript (2011).pdf
2013-01-08 11:10:02,473 DEBUG [BookReaderThread-pool-7] (SearchISBN.java:40) - Apress Beginning iPhone and iPad Web Apps, Scripting with HTML5 CSS3 and JavaScript (2010).pdf is open and contains 513 pages
2013-01-08 11:10:02,490  INFO [BookReaderThread-pool-10] (SearchISBN.java:75) - Apress DOM Scripting, Web Design with JavaScript and the Document Object Model (2005).pdf: isbn found on page 3
2013-01-08 11:10:02,500  INFO [BookReaderThread-pool-4] (SearchISBN.java:75) - Addison-Wesley Professional Dojo, Using the Dojo JavaScript Library to Build AJAX Applications (2009).pdf: isbn found on page 2
2013-01-08 11:10:02,501 DEBUG [BookReaderThread-pool-4] (SearchISBN.java:81) - ISBN 0-13-235804-2
2013-01-08 11:10:02,502  INFO [BookReaderThread-pool-4] (SearchISBN.java:37) - Openning: Apress Foundation Website Creation with CSS, XHTML and JavaScript (2008).pdf
2013-01-08 11:10:02,504 ERROR [BookReaderThread-pool-5] (SearchISBN.java:66) - can't open pdf: Adobe Press Acrobat 7.0 JavaScript Scripting Reference (2005).pdf
2013-01-08 11:10:02,846  INFO [BookReaderThread-pool-7] (SearchISBN.java:75) - Apress Beginning iPhone and iPad Web Apps, Scripting with HTML5 CSS3 and JavaScript (2010).pdf: isbn found on page 4
2013-01-08 11:10:02,675  INFO [BookReaderThread-pool-2] (SearchISBN.java:75) - Addison-Wesley Developing Hybrid Applications for the iPhone, Using HTML CSS and JavaScript to Build Dynamic Apps for the iPhone (2009).pdf: isbn found on page 7
2013-01-08 11:10:03,040 DEBUG [BookReaderThread-pool-2] (SearchISBN.java:81) - ISBN 978-0-321-60416-3
2013-01-08 11:10:03,041  INFO [BookReaderThread-pool-2] (SearchISBN.java:37) - Openning: Apress Metro Revealed, Building Windows 8 Apps with HTML5 and JavaScript (2012) (no OCR).pdf
2013-01-08 11:10:02,641 DEBUG [BookReaderThread-pool-10] (SearchISBN.java:81) - ISBN (pbk): 1-59059-533-5
Printed
2013-01-08 11:10:02,590  INFO [BookReaderThread-pool-8] (SearchISBN.java:75) - Apress Beginning PhoneGap, Mobile Web Framework for JavaScript and HTML5 (2012).pdf: isbn found on page 9
2013-01-08 11:10:03,045  INFO [BookReaderThread-pool-10] (SearchISBN.java:37) - Openning: Apress MooTools Essentials, The Official MooTools Reference for JavaScript and Ajax Development (2008).pdf
2013-01-08 11:10:03,056 DEBUG [BookReaderThread-pool-8] (SearchISBN.java:81) - ISBN-13 (pbk): 978-1-4302-3903-1
2013-01-08 11:10:03,057  INFO [BookReaderThread-pool-8] (SearchISBN.java:37) - Openning: Apress Practical JavaScript, DOM Scripting and Ajax Projects (2007).pdf
2013-01-08 11:10:02,569  INFO [BookReaderThread-pool-9] (SearchISBN.java:75) - Apress Beginning Smartphone Web Development (2009).pdf: isbn found on page 4
2013-01-08 11:10:03,062 DEBUG [BookReaderThread-pool-9] (SearchISBN.java:81) - ISBN-13 (pbk): 978-1-4302-2620-8
2013-01-08 11:10:03,063  INFO [BookReaderThread-pool-9] (SearchISBN.java:37) - Openning: Apress Pro Android Web Apps, Develop for Android Using HTML5 CSS3 and JavaScript (2011).pdf
2013-01-08 11:10:02,514  INFO [BookReaderThread-pool-1] (SearchISBN.java:75) - Apress DOM Scripting, Web Design with JavaScript and the Document Object Model 2nd (2010).pdf: isbn found on page 4
2013-01-08 11:10:03,100 DEBUG [BookReaderThread-pool-1] (SearchISBN.java:81) - ISBN-13 (pbk): 978-1-4302-3389-3
2013-01-08 11:10:03,101  INFO [BookReaderThread-pool-1] (SearchISBN.java:37) - Openning: Apress Pro iOS Web Design and Development, HTML5 CSS3 and JavaScript with Safari (2011).pdf
2013-01-08 11:10:03,103 DEBUG [BookReaderThread-pool-7] (SearchISBN.java:81) - ISBN-13 (pbk): 978-1-4302-3045-8
2013-01-08 11:10:03,104  INFO [BookReaderThread-pool-7] (SearchISBN.java:37) - Openning: Apress Pro JavaScript Design Patterns (2008).pdf
2013-01-08 11:10:03,028  INFO [BookReaderThread-pool-5] (SearchISBN.java:37) - Openning: Apress JavaScript for Absolute Beginners (2010).pdf
2013-01-08 11:10:03,350 DEBUG [BookReaderThread-pool-3] (SearchISBN.java:40) - Apress Foundation HTML5 Animation with JavaScript (2011).pdf is open and contains 488 pages
2013-01-08 11:10:03,430 DEBUG [BookReaderThread-pool-4] (SearchISBN.java:40) - Apress Foundation Website Creation with CSS, XHTML and JavaScript (2008).pdf is open and contains 362 pages
2013-01-08 11:10:03,473 DEBUG [BookReaderThread-pool-10] (SearchISBN.java:40) - Apress MooTools Essentials, The Official MooTools Reference for JavaScript and Ajax Development (2008).pdf is open and contains 275 pages
2013-01-08 11:10:03,474 DEBUG [BookReaderThread-pool-8] (SearchISBN.java:40) - Apress Practical JavaScript, DOM Scripting and Ajax Projects (2007).pdf is open and contains 553 pages
2013-01-08 11:10:03,486 DEBUG [BookReaderThread-pool-2] (SearchISBN.java:40) - Apress Metro Revealed, Building Windows 8 Apps with HTML5 and JavaScript (2012) (no OCR).pdf is open and contains 103 pages
2013-01-08 11:10:03,499  INFO [BookReaderThread-pool-2] (SearchISBN.java:37) - Openning: Apress Pro JavaScript RIA Techniques, Best Practices Performance and Presentation (2009).pdf
2013-01-08 11:10:03,599  INFO [BookReaderThread-pool-10] (SearchISBN.java:75) - Apress MooTools Essentials, The Official MooTools Reference for JavaScript and Ajax Development (2008).pdf: isbn found on page 1
2013-01-08 11:10:03,601 DEBUG [BookReaderThread-pool-10] (SearchISBN.java:81) - ISBN-13 (electronic):
2013-01-08 11:10:03,601  INFO [BookReaderThread-pool-10] (SearchISBN.java:37) - Openning: Apress Pro JavaScript with MooTools, Learning Advanced JavaScript Programming (2010).pdf
2013-01-08 11:10:03,826  INFO [BookReaderThread-pool-4] (SearchISBN.java:75) - Apress Foundation Website Creation with CSS, XHTML and JavaScript (2008).pdf: isbn found on page 1
2013-01-08 11:10:03,827 DEBUG [BookReaderThread-pool-4] (SearchISBN.java:81) - ISBN 978-1-4302-0991- 1
2013-01-08 11:10:03,827  INFO [BookReaderThread-pool-4] (SearchISBN.java:37) - Openning: Apress The Essential Guide to HTML5, Using Games to Learn HTML5 and JavaScript (2010).pdf
2013-01-08 11:10:03,911  INFO [BookReaderThread-pool-3] (SearchISBN.java:75) - Apress Foundation HTML5 Animation with JavaScript (2011).pdf: isbn found on page 15
2013-01-08 11:10:03,912 DEBUG [BookReaderThread-pool-3] (SearchISBN.java:81) - ISBN-13 (pbk): 978-1-4302-3665-8
2013-01-08 11:10:04,014  INFO [BookReaderThread-pool-8] (SearchISBN.java:75) - Apress Practical JavaScript, DOM Scripting and Ajax Projects (2007).pdf: isbn found on page 4
2013-01-08 11:10:04,016 DEBUG [BookReaderThread-pool-2] (SearchISBN.java:40) - Apress Pro JavaScript RIA Techniques, Best Practices Performance and Presentation (2009).pdf is open and contains 421 pages
2013-01-08 11:10:04,063 DEBUG [BookReaderThread-pool-9] (SearchISBN.java:40) - Apress Pro Android Web Apps, Develop for Android Using HTML5 CSS3 and JavaScript (2011).pdf is open and contains 382 pages
2013-01-08 11:10:04,064 DEBUG [BookReaderThread-pool-7] (SearchISBN.java:40) - Apress Pro JavaScript Design Patterns (2008).pdf is open and contains 280 pages
2013-01-08 11:10:04,816  INFO [BookReaderThread-pool-3] (SearchISBN.java:37) - Openning: Apress ZK, AJAX without JavaScript Framework (2007).pdf
2013-01-08 11:10:04,837  INFO [BookReaderThread-pool-7] (SearchISBN.java:75) - Apress Pro JavaScript Design Patterns (2008).pdf: isbn found on page 2
2013-01-08 11:10:04,857 DEBUG [BookReaderThread-pool-7] (SearchISBN.java:81) - ISBN-13 (pbk): 978-1-59059-908-2
ISBN-10
2013-01-08 11:10:04,857  INFO [BookReaderThread-pool-7] (SearchISBN.java:37) - Openning: Course Technology JavaScript 5th (2011).pdf
2013-01-08 11:10:04,871  INFO [BookReaderThread-pool-9] (SearchISBN.java:75) - Apress Pro Android Web Apps, Develop for Android Using HTML5 CSS3 and JavaScript (2011).pdf: isbn found on page 1
2013-01-08 11:10:04,872 DEBUG [BookReaderThread-pool-9] (SearchISBN.java:81) - ISBN 978-1-4302-2629-1
2013-01-08 11:10:04,943  INFO [BookReaderThread-pool-9] (SearchISBN.java:37) - Openning: Hungry Minds JavaScript Bible 4th (2001).pdf
2013-01-08 11:10:04,958  INFO [BookReaderThread-pool-2] (SearchISBN.java:75) - Apress Pro JavaScript RIA Techniques, Best Practices Performance and Presentation (2009).pdf: isbn found on page 2
2013-01-08 11:10:04,961 DEBUG [BookReaderThread-pool-2] (SearchISBN.java:81) - ISBN-13 (pbk): 978-1-4302-1934-7
ISBN-13
2013-01-08 11:10:04,961  INFO [BookReaderThread-pool-2] (SearchISBN.java:37) - Openning: Hungry Minds JavaScript Examples Bible, The Essential Companion to JavaScript Bible (2001).pdf
2013-01-08 11:10:04,963 DEBUG [BookReaderThread-pool-8] (SearchISBN.java:81) - ISBN-13 (pbk): 978-1-59059-816-0
ISBN-10
2013-01-08 11:10:04,963  INFO [BookReaderThread-pool-8] (SearchISBN.java:37) - Openning: Hungry Minds Javascript Weekend Crash Course (2001).pdf
2013-01-08 11:10:05,225 DEBUG [BookReaderThread-pool-3] (SearchISBN.java:40) - Apress ZK, AJAX without JavaScript Framework (2007).pdf is open and contains 184 pages
2013-01-08 11:10:05,242 DEBUG [BookReaderThread-pool-1] (SearchISBN.java:40) - Apress Pro iOS Web Design and Development, HTML5 CSS3 and JavaScript with Safari (2011).pdf is open and contains 486 pages
2013-01-08 11:10:05,244  INFO [BookReaderThread-pool-3] (SearchISBN.java:75) - Apress ZK, AJAX without JavaScript Framework (2007).pdf: isbn found on page 3
2013-01-08 11:10:05,246 DEBUG [BookReaderThread-pool-3] (SearchISBN.java:81) - ISBN-13 (pbk): 978-1-59059-901-3
ISBN-10
2013-01-08 11:10:05,246  INFO [BookReaderThread-pool-3] (SearchISBN.java:37) - Openning: MCGraw-Hill Osborne How to Do Everything with JavaScript (2003).pdf
2013-01-08 11:10:05,257  INFO [BookReaderThread-pool-1] (SearchISBN.java:75) - Apress Pro iOS Web Design and Development, HTML5 CSS3 and JavaScript with Safari (2011).pdf: isbn found on page 4
2013-01-08 11:10:05,291 DEBUG [BookReaderThread-pool-4] (SearchISBN.java:40) - Apress The Essential Guide to HTML5, Using Games to Learn HTML5 and JavaScript (2010).pdf is open and contains 377 pages
2013-01-08 11:10:05,311  INFO [BookReaderThread-pool-4] (SearchISBN.java:75) - Apress The Essential Guide to HTML5, Using Games to Learn HTML5 and JavaScript (2010).pdf: isbn found on page 4
2013-01-08 11:10:05,329 DEBUG [BookReaderThread-pool-5] (SearchISBN.java:40) - Apress JavaScript for Absolute Beginners (2010).pdf is open and contains 505 pages
2013-01-08 11:10:05,546 DEBUG [BookReaderThread-pool-1] (SearchISBN.java:81) - ISBN-13 (pbk): 978-1-4302-3246-9
2013-01-08 11:10:05,547  INFO [BookReaderThread-pool-1] (SearchISBN.java:37) - Openning: MCGraw-Hill Osborne Javascript Demystified (2005).pdf
2013-01-08 11:10:05,557  INFO [BookReaderThread-pool-5] (SearchISBN.java:75) - Apress JavaScript for Absolute Beginners (2010).pdf: isbn found on page 1
2013-01-08 11:10:05,557 DEBUG [BookReaderThread-pool-5] (SearchISBN.java:81) - ISBN 978-1-4302-7219-9
2013-01-08 11:10:05,558  INFO [BookReaderThread-pool-5] (SearchISBN.java:37) - Openning: MCGraw-Hill Osborne JavaScript, A Beginner's Guide 3rd (2010).pdf
2013-01-08 11:10:05,580 DEBUG [BookReaderThread-pool-4] (SearchISBN.java:81) - ISBN-13 (pbk): 978-1-4302-3383-1
2013-01-08 11:10:05,580  INFO [BookReaderThread-pool-4] (SearchISBN.java:37) - Openning: MCGraw-Hill Osborne Plug-In JavaScript, 100 Power Solutions (2011).pdf
2013-01-08 11:10:05,596 DEBUG [BookReaderThread-pool-10] (SearchISBN.java:40) - Apress Pro JavaScript with MooTools, Learning Advanced JavaScript Programming (2010).pdf is open and contains 430 pages
2013-01-08 11:10:05,686  INFO [BookReaderThread-pool-10] (SearchISBN.java:75) - Apress Pro JavaScript with MooTools, Learning Advanced JavaScript Programming (2010).pdf: isbn found on page 4
2013-01-08 11:10:05,687 DEBUG [BookReaderThread-pool-10] (SearchISBN.java:81) - ISBN-13 (pbk): 978-1-4302-3054-0
2013-01-08 11:10:05,688  INFO [BookReaderThread-pool-10] (SearchISBN.java:37) - Openning: Microsoft Press JavaScript 2nd (2010).pdf
2013-01-08 11:10:06,433 DEBUG [BookReaderThread-pool-9] (SearchISBN.java:40) - Hungry Minds JavaScript Bible 4th (2001).pdf is open and contains 2327 pages
2013-01-08 11:10:06,440 ERROR [BookReaderThread-pool-9] (SearchISBN.java:66) - can't open pdf: Hungry Minds JavaScript Bible 4th (2001).pdf
2013-01-08 11:10:06,440  INFO [BookReaderThread-pool-9] (SearchISBN.java:37) - Openning: Microsoft Press JavaScript Step by Step 2nd (2010).pdf
2013-01-08 11:10:06,453 DEBUG [BookReaderThread-pool-7] (SearchISBN.java:40) - Course Technology JavaScript 5th (2011).pdf is open and contains 925 pages
2013-01-08 11:10:06,562 DEBUG [BookReaderThread-pool-10] (SearchISBN.java:40) - Microsoft Press JavaScript 2nd (2010).pdf is open and contains 478 pages
2013-01-08 11:10:06,667 DEBUG [BookReaderThread-pool-3] (SearchISBN.java:40) - MCGraw-Hill Osborne How to Do Everything with JavaScript (2003).pdf is open and contains 369 pages
2013-01-08 11:10:06,682 DEBUG [BookReaderThread-pool-5] (SearchISBN.java:40) - MCGraw-Hill Osborne JavaScript, A Beginner's Guide 3rd (2010).pdf is open and contains 512 pages
2013-01-08 11:10:06,746  INFO [BookReaderThread-pool-3] (SearchISBN.java:37) - Openning: New Riders Publishing JavaScript Design (2001).pdf
2013-01-08 11:10:06,789  INFO [BookReaderThread-pool-7] (SearchISBN.java:75) - Course Technology JavaScript 5th (2011).pdf: isbn found on page 5
2013-01-08 11:10:06,790 DEBUG [BookReaderThread-pool-7] (SearchISBN.java:81) - ISBN-13: 978-0-538-74887-2
2013-01-08 11:10:06,790  INFO [BookReaderThread-pool-7] (SearchISBN.java:37) - Openning: New Riders Publishing Scriptin' with JavaScript and Ajax, A Designer’s Guide (2010).pdf
2013-01-08 11:10:06,800  INFO [BookReaderThread-pool-5] (SearchISBN.java:75) - MCGraw-Hill Osborne JavaScript, A Beginner's Guide 3rd (2010).pdf: isbn found on page 5
2013-01-08 11:10:06,801 DEBUG [BookReaderThread-pool-5] (SearchISBN.java:81) - ISBN: 978-0-07-163296-6
2013-01-08 11:10:06,801  INFO [BookReaderThread-pool-5] (SearchISBN.java:37) - Openning: No Starch Press The Book of JavaScript, A Practical Guide to Interactive Web Pages (2000).pdf
2013-01-08 11:10:06,903 DEBUG [BookReaderThread-pool-1] (SearchISBN.java:40) - MCGraw-Hill Osborne Javascript Demystified (2005).pdf is open and contains 401 pages
2013-01-08 11:10:07,065 DEBUG [BookReaderThread-pool-3] (SearchISBN.java:40) - New Riders Publishing JavaScript Design (2001).pdf is open and contains 368 pages
2013-01-08 11:10:07,068  INFO [BookReaderThread-pool-3] (SearchISBN.java:75) - New Riders Publishing JavaScript Design (2001).pdf: isbn found on page 1
2013-01-08 11:10:07,069 DEBUG [BookReaderThread-pool-3] (SearchISBN.java:81) - ISBN: 0-7357-1167-4
2013-01-08 11:10:07,105 DEBUG [BookReaderThread-pool-9] (SearchISBN.java:40) - Microsoft Press JavaScript Step by Step 2nd (2010).pdf is open and contains 505 pages
2013-01-08 11:10:07,154  INFO [BookReaderThread-pool-3] (SearchISBN.java:37) - Openning: OReilly Adobe Integrated Runtime (AIR) for JavaScript Developers, Pocket Guide (2007).pdf
2013-01-08 11:10:07,072 DEBUG [BookReaderThread-pool-5] (SearchISBN.java:40) - No Starch Press The Book of JavaScript, A Practical Guide to Interactive Web Pages (2000).pdf is open and contains 333 pages
2013-01-08 11:10:07,244 DEBUG [BookReaderThread-pool-4] (SearchISBN.java:40) - MCGraw-Hill Osborne Plug-In JavaScript, 100 Power Solutions (2011).pdf is open and contains 433 pages
2013-01-08 11:10:07,253 DEBUG [BookReaderThread-pool-6] (SearchISBN.java:40) - Adobe Press Extending Acrobat Forms with JavaScript (2003) (no OCR).pdf is open and contains 281 pages
2013-01-08 11:10:07,260  INFO [BookReaderThread-pool-5] (SearchISBN.java:75) - No Starch Press The Book of JavaScript, A Practical Guide to Interactive Web Pages (2000).pdf: isbn found on page 1
2013-01-08 11:10:07,261 DEBUG [BookReaderThread-pool-5] (SearchISBN.java:81) - ISBN: 1886411360
2013-01-08 11:10:07,262  INFO [BookReaderThread-pool-5] (SearchISBN.java:37) - Openning: OReilly Building Android Apps with HTML CSS and JavaScript (2010).pdf
2013-01-08 11:10:07,370  INFO [BookReaderThread-pool-4] (SearchISBN.java:75) - MCGraw-Hill Osborne Plug-In JavaScript, 100 Power Solutions (2011).pdf: isbn found on page 3
2013-01-08 11:10:07,371 DEBUG [BookReaderThread-pool-4] (SearchISBN.java:81) - ISBN: 978-0-07-173862-0
2013-01-08 11:10:07,371  INFO [BookReaderThread-pool-4] (SearchISBN.java:37) - Openning: OReilly Building Android Apps with HTML CSS and JavaScript 2nd (2012).pdf
2013-01-08 11:10:07,420 DEBUG [BookReaderThread-pool-8] (SearchISBN.java:40) - Hungry Minds Javascript Weekend Crash Course (2001).pdf is open and contains 427 pages
2013-01-08 11:10:07,425  INFO [BookReaderThread-pool-6] (SearchISBN.java:37) - Openning: OReilly JavaScript and DHTML Cookbook 2nd (2007).pdf
2013-01-08 11:10:07,427 DEBUG [BookReaderThread-pool-2] (SearchISBN.java:40) - Hungry Minds JavaScript Examples Bible, The Essential Companion to JavaScript Bible (2001).pdf is open and contains 631 pages
2013-01-08 11:10:07,432  INFO [BookReaderThread-pool-8] (SearchISBN.java:75) - Hungry Minds Javascript Weekend Crash Course (2001).pdf: isbn found on page 1
2013-01-08 11:10:07,433 DEBUG [BookReaderThread-pool-8] (SearchISBN.java:81) - ISBN 0-7645-4804-2
2013-01-08 11:10:07,433  INFO [BookReaderThread-pool-8] (SearchISBN.java:37) - Openning: OReilly JavaScript Application Cookbook (1999).pdf
2013-01-08 11:10:07,436  INFO [BookReaderThread-pool-2] (SearchISBN.java:75) - Hungry Minds JavaScript Examples Bible, The Essential Companion to JavaScript Bible (2001).pdf: isbn found on page 1
2013-01-08 11:10:07,436 DEBUG [BookReaderThread-pool-2] (SearchISBN.java:81) - ISBN 0-7645-4855-7
2013-01-08 11:10:07,617 DEBUG [BookReaderThread-pool-3] (SearchISBN.java:40) - OReilly Adobe Integrated Runtime (AIR) for JavaScript Developers, Pocket Guide (2007).pdf is open and contains 176 pages
2013-01-08 11:10:07,648 DEBUG [BookReaderThread-pool-7] (SearchISBN.java:40) - New Riders Publishing Scriptin' with JavaScript and Ajax, A Designer’s Guide (2010).pdf is open and contains 312 pages
2013-01-08 11:10:07,676 DEBUG [BookReaderThread-pool-5] (SearchISBN.java:40) - OReilly Building Android Apps with HTML CSS and JavaScript (2010).pdf is open and contains 182 pages
2013-01-08 11:10:07,709  INFO [BookReaderThread-pool-2] (SearchISBN.java:37) - Openning: OReilly JavaScript Cookbook (2010).pdf
2013-01-08 11:10:07,717  INFO [BookReaderThread-pool-7] (SearchISBN.java:75) - New Riders Publishing Scriptin' with JavaScript and Ajax, A Designer’s Guide (2010).pdf: isbn found on page 1
2013-01-08 11:10:07,719 DEBUG [BookReaderThread-pool-7] (SearchISBN.java:81) - ISBN: 0321616952,
2013-01-08 11:10:07,719  INFO [BookReaderThread-pool-7] (SearchISBN.java:37) - Openning: OReilly JavaScript Pocket Reference 3rd (2012).pdf
2013-01-08 11:10:07,731  INFO [BookReaderThread-pool-5] (SearchISBN.java:75) - OReilly Building Android Apps with HTML CSS and JavaScript (2010).pdf: isbn found on page 6
2013-01-08 11:10:07,731 DEBUG [BookReaderThread-pool-5] (SearchISBN.java:81) - ISBN: 978-1-449-38326-8
2013-01-08 11:10:07,732  INFO [BookReaderThread-pool-5] (SearchISBN.java:37) - Openning: OReilly JavaScript, The Definitive Guide 6th (2011).pdf
2013-01-08 11:10:07,834  INFO [BookReaderThread-pool-3] (SearchISBN.java:75) - OReilly Adobe Integrated Runtime (AIR) for JavaScript Developers, Pocket Guide (2007).pdf: isbn found on page 6
2013-01-08 11:10:07,835 DEBUG [BookReaderThread-pool-3] (SearchISBN.java:81) - ISBN-10: 0-596-51519-7
2013-01-08 11:10:07,835  INFO [BookReaderThread-pool-3] (SearchISBN.java:37) - Openning: OReilly JavaScript, The Missing Manual (2008).pdf
2013-01-08 11:10:08,005 DEBUG [BookReaderThread-pool-8] (SearchISBN.java:40) - OReilly JavaScript Application Cookbook (1999).pdf is open and contains 444 pages
2013-01-08 11:10:08,013  INFO [BookReaderThread-pool-8] (SearchISBN.java:75) - OReilly JavaScript Application Cookbook (1999).pdf: isbn found on page 1
2013-01-08 11:10:08,013 DEBUG [BookReaderThread-pool-8] (SearchISBN.java:81) - ISBN: 1-56592-577-7
2013-01-08 11:10:08,014  INFO [BookReaderThread-pool-8] (SearchISBN.java:37) - Openning: OReilly Learning JavaScript 2nd (2009).pdf
2013-01-08 11:10:08,039 DEBUG [BookReaderThread-pool-4] (SearchISBN.java:40) - OReilly Building Android Apps with HTML CSS and JavaScript 2nd (2012).pdf is open and contains 176 pages
2013-01-08 11:10:08,154 DEBUG [BookReaderThread-pool-6] (SearchISBN.java:40) - OReilly JavaScript and DHTML Cookbook 2nd (2007).pdf is open and contains 606 pages
2013-01-08 11:10:08,175  INFO [BookReaderThread-pool-4] (SearchISBN.java:75) - OReilly Building Android Apps with HTML CSS and JavaScript 2nd (2012).pdf: isbn found on page 4
2013-01-08 11:10:08,176 DEBUG [BookReaderThread-pool-4] (SearchISBN.java:81) - ISBN: 978-1-449-31641-9
2013-01-08 11:10:08,176  INFO [BookReaderThread-pool-4] (SearchISBN.java:37) - Openning: OReilly Learning the iOS 4 SDK for JavaScript Programmers (2011).pdf
2013-01-08 11:10:08,230  INFO [BookReaderThread-pool-6] (SearchISBN.java:75) - OReilly JavaScript and DHTML Cookbook 2nd (2007).pdf: isbn found on page 5
2013-01-08 11:10:08,231 DEBUG [BookReaderThread-pool-6] (SearchISBN.java:81) - ISBN-10:  0-596-51408-5
2013-01-08 11:10:08,232  INFO [BookReaderThread-pool-6] (SearchISBN.java:37) - Openning: OReilly Scripting InDesign CS3-4 with JavaScript (2009).pdf
2013-01-08 11:10:08,582  INFO [BookReaderThread-pool-1] (SearchISBN.java:75) - MCGraw-Hill Osborne Javascript Demystified (2005).pdf: isbn found on page 96
2013-01-08 11:10:08,583 DEBUG [BookReaderThread-pool-1] (SearchISBN.java:81) - ISBN: 0072254548
2013-01-08 11:10:08,584  INFO [BookReaderThread-pool-1] (SearchISBN.java:37) - Openning: OReilly Supercharged JavaScript Graphics, With HTML5 Canvas and jQuery (2011).pdf
2013-01-08 11:10:08,596 DEBUG [BookReaderThread-pool-8] (SearchISBN.java:40) - OReilly Learning JavaScript 2nd (2009).pdf is open and contains 398 pages
2013-01-08 11:10:08,629  INFO [BookReaderThread-pool-8] (SearchISBN.java:75) - OReilly Learning JavaScript 2nd (2009).pdf: isbn found on page 6
2013-01-08 11:10:08,630 DEBUG [BookReaderThread-pool-8] (SearchISBN.java:81) - ISBN: 978-0-596-52187-5
2013-01-08 11:10:08,630  INFO [BookReaderThread-pool-8] (SearchISBN.java:37) - Openning: Packt Publishing Django JavaScript Integration, AJAX and jQuery (2010).pdf
2013-01-08 11:10:08,665 DEBUG [BookReaderThread-pool-6] (SearchISBN.java:40) - OReilly Scripting InDesign CS3-4 with JavaScript (2009).pdf is open and contains 74 pages
2013-01-08 11:10:08,711 DEBUG [BookReaderThread-pool-4] (SearchISBN.java:40) - OReilly Learning the iOS 4 SDK for JavaScript Programmers (2011).pdf is open and contains 318 pages
2013-01-08 11:10:08,729  INFO [BookReaderThread-pool-6] (SearchISBN.java:75) - OReilly Scripting InDesign CS3-4 with JavaScript (2009).pdf: isbn found on page 1
2013-01-08 11:10:08,729 DEBUG [BookReaderThread-pool-6] (SearchISBN.java:81) - ISBN: 978-0-596-80252-3
2013-01-08 11:10:08,730  INFO [BookReaderThread-pool-6] (SearchISBN.java:37) - Openning: Packt Publishing Drupal 6 JavaScript and jQuery (2009).pdf
2013-01-08 11:10:08,712 DEBUG [BookReaderThread-pool-7] (SearchISBN.java:40) - OReilly JavaScript Pocket Reference 3rd (2012).pdf is open and contains 280 pages
2013-01-08 11:10:09,287 DEBUG [BookReaderThread-pool-5] (SearchISBN.java:40) - OReilly JavaScript, The Definitive Guide 6th (2011).pdf is open and contains 1098 pages
2013-01-08 11:10:09,292  INFO [BookReaderThread-pool-4] (SearchISBN.java:75) - OReilly Learning the iOS 4 SDK for JavaScript Programmers (2011).pdf: isbn found on page 6
2013-01-08 11:10:09,293 DEBUG [BookReaderThread-pool-4] (SearchISBN.java:81) - ISBN: 978-1-449-38845-4
2013-01-08 11:10:09,293  INFO [BookReaderThread-pool-4] (SearchISBN.java:37) - Openning: Packt Publishing iPhone JavaScript Cookbook (2011).pdf
2013-01-08 11:10:09,306  INFO [BookReaderThread-pool-5] (SearchISBN.java:75) - OReilly JavaScript, The Definitive Guide 6th (2011).pdf: isbn found on page 6
2013-01-08 11:10:09,326 DEBUG [BookReaderThread-pool-5] (SearchISBN.java:81) - ISBN: 978-0-596-80552-4
2013-01-08 11:10:09,326  INFO [BookReaderThread-pool-5] (SearchISBN.java:37) - Openning: Packt Publishing JavaScript Testing, Beginner's Guide (2010).pdf
2013-01-08 11:10:09,328  INFO [BookReaderThread-pool-7] (SearchISBN.java:75) - OReilly JavaScript Pocket Reference 3rd (2012).pdf: isbn found on page 4
2013-01-08 11:10:09,331 DEBUG [BookReaderThread-pool-7] (SearchISBN.java:81) - ISBN: 978-1-449-31685-3
2013-01-08 11:10:09,331  INFO [BookReaderThread-pool-7] (SearchISBN.java:37) - Openning: Packt Publishing Joomla 1.5 JavaScript jQuery (2010).pdf
2013-01-08 11:10:09,332 DEBUG [BookReaderThread-pool-2] (SearchISBN.java:40) - OReilly JavaScript Cookbook (2010).pdf is open and contains 554 pages
2013-01-08 11:10:09,376  INFO [BookReaderThread-pool-2] (SearchISBN.java:75) - OReilly JavaScript Cookbook (2010).pdf: isbn found on page 5
2013-01-08 11:10:09,377 DEBUG [BookReaderThread-pool-2] (SearchISBN.java:81) - ISBN: 978-0-596-80613-2
2013-01-08 11:10:09,377  INFO [BookReaderThread-pool-2] (SearchISBN.java:37) - Openning: Packt Publishing Moodle JavaScript Cookbook (2011).pdf
2013-01-08 11:10:09,591 DEBUG [BookReaderThread-pool-7] (SearchISBN.java:40) - Packt Publishing Joomla 1.5 JavaScript jQuery (2010).pdf is open and contains 292 pages
2013-01-08 11:10:09,601  INFO [BookReaderThread-pool-7] (SearchISBN.java:75) - Packt Publishing Joomla 1.5 JavaScript jQuery (2010).pdf: isbn found on page 1
2013-01-08 11:10:09,602 DEBUG [BookReaderThread-pool-7] (SearchISBN.java:81) - ISBN: 978-1-847192-50-9
2013-01-08 11:10:09,602  INFO [BookReaderThread-pool-7] (SearchISBN.java:37) - Openning: Packt Publishing Sencha Touch Mobile JavaScript Framework (2012).pdf
2013-01-08 11:10:09,611 DEBUG [BookReaderThread-pool-6] (SearchISBN.java:40) - Packt Publishing Drupal 6 JavaScript and jQuery (2009).pdf is open and contains 333 pages
2013-01-08 11:10:09,713  INFO [BookReaderThread-pool-6] (SearchISBN.java:75) - Packt Publishing Drupal 6 JavaScript and jQuery (2009).pdf: isbn found on page 1
2013-01-08 11:10:09,714 DEBUG [BookReaderThread-pool-6] (SearchISBN.java:81) - ISBN: 978-1-847196-40-8
2013-01-08 11:10:09,714  INFO [BookReaderThread-pool-6] (SearchISBN.java:37) - Openning: Packt Publishing Unity 3.x Game Development Essentials, Game Development with C# and Javascript 2nd (2011).pdf
2013-01-08 11:10:09,717 DEBUG [BookReaderThread-pool-4] (SearchISBN.java:40) - Packt Publishing iPhone JavaScript Cookbook (2011).pdf is open and contains 328 pages
2013-01-08 11:10:09,750 DEBUG [BookReaderThread-pool-1] (SearchISBN.java:40) - OReilly Supercharged JavaScript Graphics, With HTML5 Canvas and jQuery (2011).pdf is open and contains 280 pages
2013-01-08 11:10:09,770  INFO [BookReaderThread-pool-1] (SearchISBN.java:75) - OReilly Supercharged JavaScript Graphics, With HTML5 Canvas and jQuery (2011).pdf: isbn found on page 6
2013-01-08 11:10:09,771 DEBUG [BookReaderThread-pool-1] (SearchISBN.java:81) - ISBN: 978-1-449-39363-2
2013-01-08 11:10:09,771  INFO [BookReaderThread-pool-1] (SearchISBN.java:37) - Openning: Peachpit Press The JavaScript Pocket Guide (2010).pdf
2013-01-08 11:10:09,964  INFO [BookReaderThread-pool-4] (SearchISBN.java:75) - Packt Publishing iPhone JavaScript Cookbook (2011).pdf: isbn found on page 1
2013-01-08 11:10:09,964 DEBUG [BookReaderThread-pool-4] (SearchISBN.java:81) - ISBN: 978-1-849691-14-7
2013-01-08 11:10:09,965  INFO [BookReaderThread-pool-4] (SearchISBN.java:37) - Openning: Peachpit Press Visual QuickStart Guide JavaScript 8th (2012).pdf
2013-01-08 11:10:09,968 DEBUG [BookReaderThread-pool-8] (SearchISBN.java:40) - Packt Publishing Django JavaScript Integration, AJAX and jQuery (2010).pdf is open and contains 324 pages
2013-01-08 11:10:10,000 DEBUG [BookReaderThread-pool-2] (SearchISBN.java:40) - Packt Publishing Moodle JavaScript Cookbook (2011).pdf is open and contains 180 pages
2013-01-08 11:10:10,013  INFO [BookReaderThread-pool-2] (SearchISBN.java:75) - Packt Publishing Moodle JavaScript Cookbook (2011).pdf: isbn found on page 1
2013-01-08 11:10:10,014 DEBUG [BookReaderThread-pool-2] (SearchISBN.java:81) - ISBN: 978-1-849511-94-0
2013-01-08 11:10:10,014  INFO [BookReaderThread-pool-2] (SearchISBN.java:37) - Openning: Peachpit Press Visual QuickStart Guide JavaScript and Ajax for the Web 6th (2006).pdf
2013-01-08 11:10:10,030 DEBUG [BookReaderThread-pool-7] (SearchISBN.java:40) - Packt Publishing Sencha Touch Mobile JavaScript Framework (2012).pdf is open and contains 316 pages
2013-01-08 11:10:10,040  INFO [BookReaderThread-pool-7] (SearchISBN.java:75) - Packt Publishing Sencha Touch Mobile JavaScript Framework (2012).pdf: isbn found on page 1
2013-01-08 11:10:10,041 DEBUG [BookReaderThread-pool-7] (SearchISBN.java:81) - ISBN: 978-1-84951-004-2
2013-01-08 11:10:10,041  INFO [BookReaderThread-pool-7] (SearchISBN.java:37) - Openning: Pearson Education Publishing JavaScript for Programmers (2010).pdf
2013-01-08 11:10:10,050  INFO [BookReaderThread-pool-8] (SearchISBN.java:75) - Packt Publishing Django JavaScript Integration, AJAX and jQuery (2010).pdf: isbn found on page 1
2013-01-08 11:10:10,051 DEBUG [BookReaderThread-pool-8] (SearchISBN.java:81) - ISBN: 978-1-847197-56-6
2013-01-08 11:10:10,051  INFO [BookReaderThread-pool-8] (SearchISBN.java:37) - Openning: Pragmatic Bookshelf Publishing Mastering Dojo, JavaScript and AJAX Tools for Great Web Experiences (2008).pdf
2013-01-08 11:10:10,056 DEBUG [BookReaderThread-pool-3] (SearchISBN.java:40) - OReilly JavaScript, The Missing Manual (2008).pdf is open and contains 545 pages
2013-01-08 11:10:10,104  INFO [BookReaderThread-pool-3] (SearchISBN.java:75) - OReilly JavaScript, The Missing Manual (2008).pdf: isbn found on page 4
2013-01-08 11:10:10,105 DEBUG [BookReaderThread-pool-3] (SearchISBN.java:81) - ISBN:  978-0-596-51589-8
2013-01-08 11:10:10,106  INFO [BookReaderThread-pool-3] (SearchISBN.java:37) - Openning: Pragmatic Bookshelf Publishing Prototype and script.aculo.us, You Never Knew JavaScript Could Do This (2007).pdf
2013-01-08 11:10:10,188 DEBUG [BookReaderThread-pool-1] (SearchISBN.java:40) - Peachpit Press The JavaScript Pocket Guide (2010).pdf is open and contains 312 pages
2013-01-08 11:10:10,309  INFO [BookReaderThread-pool-1] (SearchISBN.java:75) - Peachpit Press The JavaScript Pocket Guide (2010).pdf: isbn found on page 3
2013-01-08 11:10:10,309 DEBUG [BookReaderThread-pool-1] (SearchISBN.java:81) - ISBN-13:   978-0-321-70095-7
2013-01-08 11:10:10,310  INFO [BookReaderThread-pool-1] (SearchISBN.java:37) - Openning: Prentice Hall AJAX, Creating Web Pages with Asynchronous JavaScript and XML (2006).pdf
2013-01-08 11:10:10,327  INFO [BookReaderThread-pool-10] (SearchISBN.java:75) - Microsoft Press JavaScript 2nd (2010).pdf: isbn found on page 102
2013-01-08 11:10:10,330 DEBUG [BookReaderThread-pool-10] (SearchISBN.java:81) - isbn publisher 
MySQL
2013-01-08 11:10:10,331  INFO [BookReaderThread-pool-10] (SearchISBN.java:37) - Openning: Prentice Hall Essential JavaScript for Web Professionals (1999).pdf
2013-01-08 11:10:10,406 DEBUG [BookReaderThread-pool-5] (SearchISBN.java:40) - Packt Publishing JavaScript Testing, Beginner's Guide (2010).pdf is open and contains 272 pages
2013-01-08 11:10:10,411  INFO [BookReaderThread-pool-5] (SearchISBN.java:75) - Packt Publishing JavaScript Testing, Beginner's Guide (2010).pdf: isbn found on page 1
2013-01-08 11:10:10,412 DEBUG [BookReaderThread-pool-3] (SearchISBN.java:40) - Pragmatic Bookshelf Publishing Prototype and script.aculo.us, You Never Knew JavaScript Could Do This (2007).pdf is open and contains 427 pages
2013-01-08 11:10:10,412 DEBUG [BookReaderThread-pool-5] (SearchISBN.java:81) - ISBN: 978-1-847197-24-5
2013-01-08 11:10:10,412  INFO [BookReaderThread-pool-5] (SearchISBN.java:37) - Openning: Prentice Hall JavaScript for Programmers (2010).pdf
2013-01-08 11:10:10,710 DEBUG [BookReaderThread-pool-10] (SearchISBN.java:40) - Prentice Hall Essential JavaScript for Web Professionals (1999).pdf is open and contains 162 pages
2013-01-08 11:10:10,714  INFO [BookReaderThread-pool-10] (SearchISBN.java:75) - Prentice Hall Essential JavaScript for Web Professionals (1999).pdf: isbn found on page 1
2013-01-08 11:10:10,715 DEBUG [BookReaderThread-pool-10] (SearchISBN.java:81) - ISBN: 0-13-013056-7
2013-01-08 11:10:10,716  INFO [BookReaderThread-pool-10] (SearchISBN.java:37) - Openning: Prima Publishing JavaScript Programming for the Absolute Beginner (2001).pdf
2013-01-08 11:10:10,716  INFO [BookReaderThread-pool-3] (SearchISBN.java:75) - Pragmatic Bookshelf Publishing Prototype and script.aculo.us, You Never Knew JavaScript Could Do This (2007).pdf: isbn found on page 2
2013-01-08 11:10:10,743 DEBUG [BookReaderThread-pool-3] (SearchISBN.java:81) - ISBN-10: 1-934356-01-8
2013-01-08 11:10:10,744  INFO [BookReaderThread-pool-3] (SearchISBN.java:37) - Openning: QUE JavaScript 1.5 by Example (2001).pdf
2013-01-08 11:10:10,989 DEBUG [BookReaderThread-pool-7] (SearchISBN.java:40) - Pearson Education Publishing JavaScript for Programmers (2010).pdf is open and contains 436 pages
2013-01-08 11:10:11,014 DEBUG [BookReaderThread-pool-8] (SearchISBN.java:40) - Pragmatic Bookshelf Publishing Mastering Dojo, JavaScript and AJAX Tools for Great Web Experiences (2008).pdf is open and contains 546 pages
2013-01-08 11:10:11,218  INFO [BookReaderThread-pool-7] (SearchISBN.java:75) - Pearson Education Publishing JavaScript for Programmers (2010).pdf: isbn found on page 5
2013-01-08 11:10:11,219 DEBUG [BookReaderThread-pool-7] (SearchISBN.java:81) - ISBN 0-13-700131-2
2013-01-08 11:10:11,219  INFO [BookReaderThread-pool-7] (SearchISBN.java:37) - Openning: QUE JavaScript Goodies 2nd (2002).pdf
2013-01-08 11:10:11,298  INFO [BookReaderThread-pool-8] (SearchISBN.java:75) - Pragmatic Bookshelf Publishing Mastering Dojo, JavaScript and AJAX Tools for Great Web Experiences (2008).pdf: isbn found on page 4
2013-01-08 11:10:11,299 DEBUG [BookReaderThread-pool-8] (SearchISBN.java:81) - ISBN-10: 1-934356-11-5
2013-01-08 11:10:11,300  INFO [BookReaderThread-pool-8] (SearchISBN.java:37) - Openning: QUE Special Edition Using JavaScript (2001).pdf
2013-01-08 11:10:12,127 DEBUG [BookReaderThread-pool-10] (SearchISBN.java:40) - Prima Publishing JavaScript Programming for the Absolute Beginner (2001).pdf is open and contains 368 pages
2013-01-08 11:10:12,147  INFO [BookReaderThread-pool-10] (SearchISBN.java:75) - Prima Publishing JavaScript Programming for the Absolute Beginner (2001).pdf: isbn found on page 3
2013-01-08 11:10:12,148 DEBUG [BookReaderThread-pool-10] (SearchISBN.java:81) - ISBN: 0-7615-3410-5
2013-01-08 11:10:12,148  INFO [BookReaderThread-pool-10] (SearchISBN.java:37) - Openning: QUE The Complete Idiot's Guide to JavaScript 2nd (1997).pdf
2013-01-08 11:10:12,203 DEBUG [BookReaderThread-pool-10] (SearchISBN.java:40) - QUE The Complete Idiot's Guide to JavaScript 2nd (1997).pdf is open and contains 258 pages
2013-01-08 11:10:12,254 DEBUG [BookReaderThread-pool-3] (SearchISBN.java:40) - QUE JavaScript 1.5 by Example (2001).pdf is open and contains 312 pages
2013-01-08 11:10:12,258 ERROR [BookReaderThread-pool-3] (SearchISBN.java:66) - can't open pdf: QUE JavaScript 1.5 by Example (2001).pdf
2013-01-08 11:10:12,259  INFO [BookReaderThread-pool-3] (SearchISBN.java:37) - Openning: SAMS JavaScript Phrasebook, Essential Code and Commands (2006).pdf
2013-01-08 11:10:12,490 DEBUG [BookReaderThread-pool-5] (SearchISBN.java:40) - Prentice Hall JavaScript for Programmers (2010).pdf is open and contains 436 pages
2013-01-08 11:10:12,754 DEBUG [BookReaderThread-pool-1] (SearchISBN.java:40) - Prentice Hall AJAX, Creating Web Pages with Asynchronous JavaScript and XML (2006).pdf is open and contains 460 pages
2013-01-08 11:10:12,759  INFO [BookReaderThread-pool-1] (SearchISBN.java:75) - Prentice Hall AJAX, Creating Web Pages with Asynchronous JavaScript and XML (2006).pdf: isbn found on page 2
2013-01-08 11:10:12,760 DEBUG [BookReaderThread-pool-1] (SearchISBN.java:81) - ISBN-10: 0-13-227267-9
2013-01-08 11:10:12,760  INFO [BookReaderThread-pool-1] (SearchISBN.java:37) - Openning: SAMS JavaScript, Developer's Dictionary (2002).pdf
2013-01-08 11:10:12,882 DEBUG [BookReaderThread-pool-2] (SearchISBN.java:40) - Peachpit Press Visual QuickStart Guide JavaScript and Ajax for the Web 6th (2006).pdf is open and contains 756 pages
2013-01-08 11:10:12,891  INFO [BookReaderThread-pool-2] (SearchISBN.java:75) - Peachpit Press Visual QuickStart Guide JavaScript and Ajax for the Web 6th (2006).pdf: isbn found on page 2
2013-01-08 11:10:12,892 DEBUG [BookReaderThread-pool-2] (SearchISBN.java:81) - ISBN-10: 0-321-43032-8
2013-01-08 11:10:12,892  INFO [BookReaderThread-pool-2] (SearchISBN.java:37) - Openning: SAMS Pure JavaScript (1999).pdf
2013-01-08 11:10:13,080 DEBUG [BookReaderThread-pool-1] (SearchISBN.java:40) - SAMS JavaScript, Developer's Dictionary (2002).pdf is open and contains 1198 pages
2013-01-08 11:10:13,085 DEBUG [BookReaderThread-pool-3] (SearchISBN.java:40) - SAMS JavaScript Phrasebook, Essential Code and Commands (2006).pdf is open and contains 273 pages
2013-01-08 11:10:13,097 DEBUG [BookReaderThread-pool-8] (SearchISBN.java:40) - QUE Special Edition Using JavaScript (2001).pdf is open and contains 911 pages
2013-01-08 11:10:13,110 ERROR [BookReaderThread-pool-8] (SearchISBN.java:66) - can't open pdf: QUE Special Edition Using JavaScript (2001).pdf
2013-01-08 11:10:13,110  INFO [BookReaderThread-pool-8] (SearchISBN.java:37) - Openning: SAMS Pure JavaScript 2nd (2002).pdf
2013-01-08 11:10:13,133  INFO [BookReaderThread-pool-5] (SearchISBN.java:75) - Prentice Hall JavaScript for Programmers (2010).pdf: isbn found on page 5
2013-01-08 11:10:13,134 DEBUG [BookReaderThread-pool-5] (SearchISBN.java:81) - ISBN 0-13-700131-2
2013-01-08 11:10:13,134  INFO [BookReaderThread-pool-5] (SearchISBN.java:37) - Openning: SAMS Teach Yourself Ajax JavaScript and PHP, All in One (2009).pdf
2013-01-08 11:10:13,513 DEBUG [BookReaderThread-pool-2] (SearchISBN.java:40) - SAMS Pure JavaScript (1999).pdf is open and contains 1438 pages
2013-01-08 11:10:13,536  INFO [BookReaderThread-pool-2] (SearchISBN.java:75) - SAMS Pure JavaScript (1999).pdf: isbn found on page 2
2013-01-08 11:10:13,538 DEBUG [BookReaderThread-pool-2] (SearchISBN.java:81) - ISBN: 
0672315475

2013-01-08 11:10:13,538  INFO [BookReaderThread-pool-2] (SearchISBN.java:37) - Openning: SAMS Teach Yourself JavaScript in 21 days (2002).pdf
2013-01-08 11:10:13,904 DEBUG [BookReaderThread-pool-2] (SearchISBN.java:40) - SAMS Teach Yourself JavaScript in 21 days (2002).pdf is open and contains 778 pages
2013-01-08 11:10:13,967 DEBUG [BookReaderThread-pool-7] (SearchISBN.java:40) - QUE JavaScript Goodies 2nd (2002).pdf is open and contains 496 pages
2013-01-08 11:10:14,154 DEBUG [BookReaderThread-pool-8] (SearchISBN.java:40) - SAMS Pure JavaScript 2nd (2002).pdf is open and contains 2229 pages
2013-01-08 11:10:14,246 ERROR [BookReaderThread-pool-8] (SearchISBN.java:66) - can't open pdf: SAMS Pure JavaScript 2nd (2002).pdf
2013-01-08 11:10:14,246  INFO [BookReaderThread-pool-8] (SearchISBN.java:37) - Openning: SAMS Teach Yourself Javascript in 24 Hours 3rd (2002).pdf
2013-01-08 11:10:14,274 DEBUG [BookReaderThread-pool-5] (SearchISBN.java:40) - SAMS Teach Yourself Ajax JavaScript and PHP, All in One (2009).pdf is open and contains 383 pages
2013-01-08 11:10:14,298  INFO [BookReaderThread-pool-5] (SearchISBN.java:75) - SAMS Teach Yourself Ajax JavaScript and PHP, All in One (2009).pdf: isbn found on page 4
2013-01-08 11:10:14,299 DEBUG [BookReaderThread-pool-5] (SearchISBN.java:81) - ISBN-13: 978-0-672-32965-4
2013-01-08 11:10:14,299  INFO [BookReaderThread-pool-5] (SearchISBN.java:37) - Openning: SAMS Teach Yourself JavaScript in 24 Hours 4th (2007).pdf
2013-01-08 11:10:14,633 DEBUG [BookReaderThread-pool-8] (SearchISBN.java:40) - SAMS Teach Yourself Javascript in 24 Hours 3rd (2002).pdf is open and contains 451 pages
2013-01-08 11:10:14,884  INFO [BookReaderThread-pool-10] (SearchISBN.java:37) - Openning: SAMS Teach Yourself JavaScript in a Week (1996).pdf
2013-01-08 11:10:14,976 DEBUG [BookReaderThread-pool-5] (SearchISBN.java:40) - SAMS Teach Yourself JavaScript in 24 Hours 4th (2007).pdf is open and contains 456 pages
2013-01-08 11:10:15,024 DEBUG [BookReaderThread-pool-4] (SearchISBN.java:40) - Peachpit Press Visual QuickStart Guide JavaScript 8th (2012).pdf is open and contains 544 pages
2013-01-08 11:10:15,037  INFO [BookReaderThread-pool-4] (SearchISBN.java:75) - Peachpit Press Visual QuickStart Guide JavaScript 8th (2012).pdf: isbn found on page 3
2013-01-08 11:10:15,039 DEBUG [BookReaderThread-pool-4] (SearchISBN.java:81) - ISBN 13:  978-0-321-77297-8
ISBN
2013-01-08 11:10:15,039  INFO [BookReaderThread-pool-4] (SearchISBN.java:37) - Openning: SitePoint DHTML Utopia, Modern Web Design Using JavaScript and DOM (2005).pdf
2013-01-08 11:10:15,846 DEBUG [BookReaderThread-pool-4] (SearchISBN.java:40) - SitePoint DHTML Utopia, Modern Web Design Using JavaScript and DOM (2005).pdf is open and contains 336 pages
2013-01-08 11:10:15,916  INFO [BookReaderThread-pool-8] (SearchISBN.java:75) - SAMS Teach Yourself Javascript in 24 Hours 3rd (2002).pdf: isbn found on page 22
2013-01-08 11:10:15,918 DEBUG [BookReaderThread-pool-8] (SearchISBN.java:81) - ISBN (excluding
2013-01-08 11:10:15,918  INFO [BookReaderThread-pool-8] (SearchISBN.java:37) - Openning: SitePoint The Art and Science of JavaScript (2007).pdf
2013-01-08 11:10:15,984 DEBUG [BookReaderThread-pool-10] (SearchISBN.java:40) - SAMS Teach Yourself JavaScript in a Week (1996).pdf is open and contains 161 pages
2013-01-08 11:10:16,121  INFO [BookReaderThread-pool-4] (SearchISBN.java:75) - SitePoint DHTML Utopia, Modern Web Design Using JavaScript and DOM (2005).pdf: isbn found on page 2
2013-01-08 11:10:16,123 DEBUG [BookReaderThread-pool-4] (SearchISBN.java:81) - ISBN 0–9579218–9–6
Printed
2013-01-08 11:10:16,123  INFO [BookReaderThread-pool-4] (SearchISBN.java:37) - Openning: SitePoint The JavaScript Anthology, 101 Essential Tips Tricks and Hacks (2006).pdf
2013-01-08 11:10:16,370 DEBUG [BookReaderThread-pool-4] (SearchISBN.java:40) - SitePoint The JavaScript Anthology, 101 Essential Tips Tricks and Hacks (2006).pdf is open and contains 603 pages
2013-01-08 11:10:16,374  INFO [BookReaderThread-pool-4] (SearchISBN.java:75) - SitePoint The JavaScript Anthology, 101 Essential Tips Tricks and Hacks (2006).pdf: isbn found on page 2
2013-01-08 11:10:16,375 DEBUG [BookReaderThread-pool-4] (SearchISBN.java:81) - ISBN 0-9752402-6-9
2013-01-08 11:10:16,375  INFO [BookReaderThread-pool-4] (SearchISBN.java:37) - Openning: Springer Publishing An Introduction to HTML and JavaScript for Scientists and Engineers (2007).pdf
2013-01-08 11:10:16,495 DEBUG [BookReaderThread-pool-4] (SearchISBN.java:40) - Springer Publishing An Introduction to HTML and JavaScript for Scientists and Engineers (2007).pdf is open and contains 205 pages
2013-01-08 11:10:16,495 DEBUG [BookReaderThread-pool-8] (SearchISBN.java:40) - SitePoint The Art and Science of JavaScript (2007).pdf is open and contains 276 pages
2013-01-08 11:10:16,503  INFO [BookReaderThread-pool-4] (SearchISBN.java:75) - Springer Publishing An Introduction to HTML and JavaScript for Scientists and Engineers (2007).pdf: isbn found on page 2
2013-01-08 11:10:16,504 DEBUG [BookReaderThread-pool-4] (SearchISBN.java:81) - ISBN-13: 978-1-84628-656-8
2013-01-08 11:10:16,504  INFO [BookReaderThread-pool-4] (SearchISBN.java:37) - Openning: Springer Publishing An Introduction to PHP for Scientists and Engineers, Beyond JavaScript (2008).pdf
2013-01-08 11:10:16,559  INFO [BookReaderThread-pool-8] (SearchISBN.java:75) - SitePoint The Art and Science of JavaScript (2007).pdf: isbn found on page 4
2013-01-08 11:10:16,559 DEBUG [BookReaderThread-pool-8] (SearchISBN.java:81) - ISBN 978-0-9802858-4-0
2013-01-08 11:10:16,560  INFO [BookReaderThread-pool-8] (SearchISBN.java:37) - Openning: Springer Publishing Guide to HTML JavaScript and PHP, For Scientists and Engineers (2011).pdf
2013-01-08 11:10:16,579 DEBUG [BookReaderThread-pool-4] (SearchISBN.java:40) - Springer Publishing An Introduction to PHP for Scientists and Engineers, Beyond JavaScript (2008).pdf is open and contains 85 pages
2013-01-08 11:10:16,585  INFO [BookReaderThread-pool-5] (SearchISBN.java:75) - SAMS Teach Yourself JavaScript in 24 Hours 4th (2007).pdf: isbn found on page 34
2013-01-08 11:10:16,586 DEBUG [BookReaderThread-pool-5] (SearchISBN.java:81) - ISBN number. You’ll
2013-01-08 11:10:16,586  INFO [BookReaderThread-pool-5] (SearchISBN.java:37) - Openning: Visibooks HTML and JavaScript for Visual Learners (2001).pdf
2013-01-08 11:10:16,765 DEBUG [BookReaderThread-pool-8] (SearchISBN.java:40) - Springer Publishing Guide to HTML JavaScript and PHP, For Scientists and Engineers (2011).pdf is open and contains 430 pages
2013-01-08 11:10:16,789 DEBUG [BookReaderThread-pool-5] (SearchISBN.java:40) - Visibooks HTML and JavaScript for Visual Learners (2001).pdf is open and contains 174 pages
2013-01-08 11:10:16,829  INFO [BookReaderThread-pool-4] (SearchISBN.java:75) - Springer Publishing An Introduction to PHP for Scientists and Engineers, Beyond JavaScript (2008).pdf: isbn found on page 4
2013-01-08 11:10:16,830 DEBUG [BookReaderThread-pool-4] (SearchISBN.java:81) - ISBN: 978-1-84800-236-4
2013-01-08 11:10:16,830  INFO [BookReaderThread-pool-4] (SearchISBN.java:37) - Openning: Wiley Beginning JavaScript and CSS Development with jQuery (2009).pdf
2013-01-08 11:10:17,043  INFO [BookReaderThread-pool-8] (SearchISBN.java:75) - Springer Publishing Guide to HTML JavaScript and PHP, For Scientists and Engineers (2011).pdf: isbn found on page 5
2013-01-08 11:10:17,043 DEBUG [BookReaderThread-pool-8] (SearchISBN.java:81) - ISBN 978-0-85729-448-7
2013-01-08 11:10:17,044  INFO [BookReaderThread-pool-8] (SearchISBN.java:37) - Openning: Wiley HTML, CSS and JavaScript Mobile Development for Dummies (2011).pdf
2013-01-08 11:10:17,116 DEBUG [BookReaderThread-pool-4] (SearchISBN.java:40) - Wiley Beginning JavaScript and CSS Development with jQuery (2009).pdf is open and contains 532 pages
2013-01-08 11:10:17,219  INFO [BookReaderThread-pool-4] (SearchISBN.java:75) - Wiley Beginning JavaScript and CSS Development with jQuery (2009).pdf: isbn found on page 2
2013-01-08 11:10:17,220 DEBUG [BookReaderThread-pool-4] (SearchISBN.java:81) - ISBN: 978-0-470-22779-4
2013-01-08 11:10:17,220  INFO [BookReaderThread-pool-4] (SearchISBN.java:37) - Openning: Wiley JavaScript Bible 6th (2007).pdf
2013-01-08 11:10:17,328  INFO [BookReaderThread-pool-3] (SearchISBN.java:37) - Openning: Wiley Making Use of JavaScript (2002).pdf
2013-01-08 11:10:17,535 DEBUG [BookReaderThread-pool-3] (SearchISBN.java:40) - Wiley Making Use of JavaScript (2002).pdf is open and contains 361 pages
2013-01-08 11:10:17,622  INFO [BookReaderThread-pool-2] (SearchISBN.java:75) - SAMS Teach Yourself JavaScript in 21 days (2002).pdf: isbn found on page 112
2013-01-08 11:10:17,624 DEBUG [BookReaderThread-pool-2] (SearchISBN.java:81) - ISBN Number</th>’);
document.writeln(‘<th>Book
2013-01-08 11:10:17,625  INFO [BookReaderThread-pool-2] (SearchISBN.java:37) - Openning: Wiley Professional XMPP Programming with JavaScript and jQuery (2010).pdf
2013-01-08 11:10:17,730  INFO [BookReaderThread-pool-3] (SearchISBN.java:75) - Wiley Making Use of JavaScript (2002).pdf: isbn found on page 8
2013-01-08 11:10:17,732  INFO [BookReaderThread-pool-3] (SearchISBN.java:78) - Wiley Making Use of JavaScript (2002).pdf isbn not match
2013-01-08 11:10:17,903  INFO [BookReaderThread-pool-10] (SearchISBN.java:75) - SAMS Teach Yourself JavaScript in a Week (1996).pdf: isbn found on page 24
2013-01-08 11:10:17,904 DEBUG [BookReaderThread-pool-10] (SearchISBN.java:81) - ISBN 1-57521-073-8
2013-01-08 11:10:17,904  INFO [BookReaderThread-pool-10] (SearchISBN.java:37) - Openning: Wiley Web Application Design and Implementation, Apache 2 PHP5 MySQL JavaScript and Linux-UNIX (2007) (Scan, OCR).pdf
2013-01-08 11:10:18,039 DEBUG [BookReaderThread-pool-2] (SearchISBN.java:40) - Wiley Professional XMPP Programming with JavaScript and jQuery (2010).pdf is open and contains 458 pages
2013-01-08 11:10:18,110  INFO [BookReaderThread-pool-2] (SearchISBN.java:75) - Wiley Professional XMPP Programming with JavaScript and jQuery (2010).pdf: isbn found on page 2
2013-01-08 11:10:18,255 DEBUG [BookReaderThread-pool-2] (SearchISBN.java:81) - ISBN: 978-0-470-54071-8
2013-01-08 11:10:18,265  INFO [BookReaderThread-pool-2] (SearchISBN.java:37) - Openning: Wordware Publishing Advanced Javascript 2nd (2001).pdf
2013-01-08 11:10:18,313 DEBUG [BookReaderThread-pool-10] (SearchISBN.java:40) - Wiley Web Application Design and Implementation, Apache 2 PHP5 MySQL JavaScript and Linux-UNIX (2007) (Scan, OCR).pdf is open and contains 297 pages
2013-01-08 11:10:18,613 DEBUG [BookReaderThread-pool-8] (SearchISBN.java:40) - Wiley HTML, CSS and JavaScript Mobile Development for Dummies (2011).pdf is open and contains 435 pages
2013-01-08 11:10:18,613  INFO [BookReaderThread-pool-5] (SearchISBN.java:37) - Openning: Wordware Publishing Advanced JavaScript 3rd (2008).pdf
2013-01-08 11:10:18,653  INFO [BookReaderThread-pool-8] (SearchISBN.java:75) - Wiley HTML, CSS and JavaScript Mobile Development for Dummies (2011).pdf: isbn found on page 1
2013-01-08 11:10:18,654 DEBUG [BookReaderThread-pool-8] (SearchISBN.java:81) - ISBN 978-1-118-02622-9
2013-01-08 11:10:18,654  INFO [BookReaderThread-pool-8] (SearchISBN.java:37) - Openning: Wordware Publishing Learn JavaScript (2002).pdf
2013-01-08 11:10:18,913 DEBUG [BookReaderThread-pool-2] (SearchISBN.java:40) - Wordware Publishing Advanced Javascript 2nd (2001).pdf is open and contains 733 pages
2013-01-08 11:10:18,918 DEBUG [BookReaderThread-pool-8] (SearchISBN.java:40) - Wordware Publishing Learn JavaScript (2002).pdf is open and contains 270 pages
2013-01-08 11:10:18,938 DEBUG [BookReaderThread-pool-4] (SearchISBN.java:40) - Wiley JavaScript Bible 6th (2007).pdf is open and contains 1200 pages
2013-01-08 11:10:18,976  INFO [BookReaderThread-pool-2] (SearchISBN.java:75) - Wordware Publishing Advanced Javascript 2nd (2001).pdf: isbn found on page 3
2013-01-08 11:10:18,977 DEBUG [BookReaderThread-pool-2] (SearchISBN.java:81) - ISBN1-55622-852-X
10987654321
0105
Product
2013-01-08 11:10:18,977  INFO [BookReaderThread-pool-2] (SearchISBN.java:37) - Openning: Wrox Press Beginning JavaScript 3rd (2007).pdf
2013-01-08 11:10:19,363  INFO [BookReaderThread-pool-8] (SearchISBN.java:75) - Wordware Publishing Learn JavaScript (2002).pdf: isbn found on page 3
2013-01-08 11:10:19,364 DEBUG [BookReaderThread-pool-8] (SearchISBN.java:81) - ISBN 1-55622-856-2
2013-01-08 11:10:19,365  INFO [BookReaderThread-pool-8] (SearchISBN.java:37) - Openning: Wrox Press Beginning JavaScript 4th (2010).pdf
2013-01-08 11:10:19,498  INFO [BookReaderThread-pool-4] (SearchISBN.java:75) - Wiley JavaScript Bible 6th (2007).pdf: isbn found on page 3
2013-01-08 11:10:19,499 DEBUG [BookReaderThread-pool-4] (SearchISBN.java:81) - ISBN 978-0-470-06916-5
2013-01-08 11:10:19,499  INFO [BookReaderThread-pool-4] (SearchISBN.java:37) - Openning: Wrox Press Beginning JavaScript and CSS Development with jQuery (2009).pdf
2013-01-08 11:10:20,010 DEBUG [BookReaderThread-pool-8] (SearchISBN.java:40) - Wrox Press Beginning JavaScript 4th (2010).pdf is open and contains 793 pages
2013-01-08 11:10:20,026  INFO [BookReaderThread-pool-10] (SearchISBN.java:75) - Wiley Web Application Design and Implementation, Apache 2 PHP5 MySQL JavaScript and Linux-UNIX (2007) (Scan, OCR).pdf: isbn found on page 4
2013-01-08 11:10:20,027 DEBUG [BookReaderThread-pool-10] (SearchISBN.java:81) - ISBN-13: 978-0-471-77391-7
2013-01-08 11:10:20,027  INFO [BookReaderThread-pool-10] (SearchISBN.java:37) - Openning: Wrox Press JavaScript Programmer's Reference (2009).pdf
2013-01-08 11:10:20,126 DEBUG [BookReaderThread-pool-4] (SearchISBN.java:40) - Wrox Press Beginning JavaScript and CSS Development with jQuery (2009).pdf is open and contains 560 pages
2013-01-08 11:10:20,262  INFO [BookReaderThread-pool-4] (SearchISBN.java:75) - Wrox Press Beginning JavaScript and CSS Development with jQuery (2009).pdf: isbn found on page 1
2013-01-08 11:10:20,263 DEBUG [BookReaderThread-pool-4] (SearchISBN.java:81) - ISBN: 978-0-470-22779-4
2013-01-08 11:10:20,263  INFO [BookReaderThread-pool-4] (SearchISBN.java:37) - Openning: Wrox Press Professional JavaScript Frameworks, Prototype YUI Ext JS Dojo and MooTools (2009).pdf
2013-01-08 11:10:20,288 DEBUG [BookReaderThread-pool-5] (SearchISBN.java:40) - Wordware Publishing Advanced JavaScript 3rd (2008).pdf is open and contains 617 pages
2013-01-08 11:10:20,387  INFO [BookReaderThread-pool-8] (SearchISBN.java:75) - Wrox Press Beginning JavaScript 4th (2010).pdf: isbn found on page 2
2013-01-08 11:10:20,388 DEBUG [BookReaderThread-pool-8] (SearchISBN.java:81) - ISBN: 978-0-470-17708-2
2013-01-08 11:10:20,388  INFO [BookReaderThread-pool-8] (SearchISBN.java:37) - Openning: Wrox Press Professional XMPP Programming with JavaScript and jQuery (2010).pdf
2013-01-08 11:10:20,500 DEBUG [BookReaderThread-pool-6] (SearchISBN.java:40) - Packt Publishing Unity 3.x Game Development Essentials, Game Development with C# and Javascript 2nd (2011).pdf is open and contains 488 pages
2013-01-08 11:10:20,509  INFO [BookReaderThread-pool-6] (SearchISBN.java:75) - Packt Publishing Unity 3.x Game Development Essentials, Game Development with C# and Javascript 2nd (2011).pdf: isbn found on page 1
2013-01-08 11:10:20,510 DEBUG [BookReaderThread-pool-6] (SearchISBN.java:81) - ISBN: 978-1-84969-040-9
2013-01-08 11:10:20,510  INFO [BookReaderThread-pool-6] (SearchISBN.java:37) - Openning: Wrox Press Web Standards Programmer's Reference, HTML CSS JavaScript Perl Python and PHP (2005).pdf
2013-01-08 11:10:21,364  INFO [BookReaderThread-pool-5] (SearchISBN.java:75) - Wordware Publishing Advanced JavaScript 3rd (2008).pdf: isbn found on page 3
2013-01-08 11:10:21,364 DEBUG [BookReaderThread-pool-5] (SearchISBN.java:81) - ISBN-13: 978-1-59822-033-9
2013-01-08 11:10:21,365  INFO [BookReaderThread-pool-5] (SearchISBN.java:37) - Openning: Addison-Wesley Test-Driven JavaScript Development (2011).pdf
2013-01-08 11:10:21,451 ERROR [BookReaderThread-pool-3] (SearchISBN.java:66) - can't open pdf: Wiley Making Use of JavaScript (2002).pdf
2013-01-08 11:10:21,451  INFO [BookReaderThread-pool-3] (SearchISBN.java:37) - Openning: Apress Beginning JavaScript with DOM Scripting and Ajax, From Novice to Professional (2006).pdf
2013-01-08 11:10:21,934 DEBUG [BookReaderThread-pool-4] (SearchISBN.java:40) - Wrox Press Professional JavaScript Frameworks, Prototype YUI Ext JS Dojo and MooTools (2009).pdf is open and contains 891 pages
2013-01-08 11:10:21,953  INFO [BookReaderThread-pool-4] (SearchISBN.java:75) - Wrox Press Professional JavaScript Frameworks, Prototype YUI Ext JS Dojo and MooTools (2009).pdf: isbn found on page 1
2013-01-08 11:10:21,953 DEBUG [BookReaderThread-pool-4] (SearchISBN.java:81) - ISBN: 978-0-470-38459-6
2013-01-08 11:10:21,954  INFO [BookReaderThread-pool-4] (SearchISBN.java:37) - Openning: Apress HTML5 and JavaScript Projects (2011).pdf
2013-01-08 11:10:21,977 DEBUG [BookReaderThread-pool-3] (SearchISBN.java:40) - Apress Beginning JavaScript with DOM Scripting and Ajax, From Novice to Professional (2006).pdf is open and contains 512 pages
2013-01-08 11:10:21,986  INFO [BookReaderThread-pool-3] (SearchISBN.java:75) - Apress Beginning JavaScript with DOM Scripting and Ajax, From Novice to Professional (2006).pdf: isbn found on page 1
2013-01-08 11:10:22,023 DEBUG [BookReaderThread-pool-3] (SearchISBN.java:81) - ISBN 1-59059-680-3
2013-01-08 11:10:22,023  INFO [BookReaderThread-pool-3] (SearchISBN.java:37) - Openning: Apress Pro JavaScript Techniques (2006).pdf
2013-01-08 11:10:22,216 DEBUG [BookReaderThread-pool-4] (SearchISBN.java:40) - Apress HTML5 and JavaScript Projects (2011).pdf is open and contains 443 pages
2013-01-08 11:10:22,216 DEBUG [BookReaderThread-pool-5] (SearchISBN.java:40) - Addison-Wesley Test-Driven JavaScript Development (2011).pdf is open and contains 525 pages
2013-01-08 11:10:22,219 DEBUG [BookReaderThread-pool-6] (SearchISBN.java:40) - Wrox Press Web Standards Programmer's Reference, HTML CSS JavaScript Perl Python and PHP (2005).pdf is open and contains 842 pages
2013-01-08 11:10:22,223  INFO [BookReaderThread-pool-4] (SearchISBN.java:75) - Apress HTML5 and JavaScript Projects (2011).pdf: isbn found on page 2
2013-01-08 11:10:22,225 DEBUG [BookReaderThread-pool-4] (SearchISBN.java:81) - ISBN-13 (pbk): 978-1-4302-4032-7
2013-01-08 11:10:22,225  INFO [BookReaderThread-pool-4] (SearchISBN.java:37) - Openning: No Starch Press Eloquent JavaScript, A Modern Introduction to Programming (2011).pdf
2013-01-08 11:10:22,238  INFO [BookReaderThread-pool-6] (SearchISBN.java:75) - Wrox Press Web Standards Programmer's Reference, HTML CSS JavaScript Perl Python and PHP (2005).pdf: isbn found on page 4
2013-01-08 11:10:22,239 DEBUG [BookReaderThread-pool-6] (SearchISBN.java:81) - ISBN-13: 978-0-7645-8820-4
2013-01-08 11:10:22,239  INFO [BookReaderThread-pool-6] (SearchISBN.java:37) - Openning: No Starch Press The Book of JavaScript, A Practical Guide to Interactive Web Pages 2nd (2007).pdf
2013-01-08 11:10:22,277 DEBUG [BookReaderThread-pool-8] (SearchISBN.java:40) - Wrox Press Professional XMPP Programming with JavaScript and jQuery (2010).pdf is open and contains 484 pages
2013-01-08 11:10:22,419 DEBUG [BookReaderThread-pool-10] (SearchISBN.java:40) - Wrox Press JavaScript Programmer's Reference (2009).pdf is open and contains 1035 pages
2013-01-08 11:10:22,473 ERROR [BookReaderThread-pool-5] (SearchISBN.java:66) - can't open pdf: Addison-Wesley Test-Driven JavaScript Development (2011).pdf
2013-01-08 11:10:22,473  INFO [BookReaderThread-pool-5] (SearchISBN.java:37) - Openning: OReilly Building iPhone Apps with HTML CSS and JavaScript (2010).pdf
2013-01-08 11:10:22,514 DEBUG [BookReaderThread-pool-6] (SearchISBN.java:40) - No Starch Press The Book of JavaScript, A Practical Guide to Interactive Web Pages 2nd (2007).pdf is open and contains 519 pages
2013-01-08 11:10:22,515  INFO [BookReaderThread-pool-10] (SearchISBN.java:75) - Wrox Press JavaScript Programmer's Reference (2009).pdf: isbn found on page 1
2013-01-08 11:10:22,516 DEBUG [BookReaderThread-pool-10] (SearchISBN.java:81) - ISBN: 978-0-470-34472-9
2013-01-08 11:10:22,516  INFO [BookReaderThread-pool-10] (SearchISBN.java:37) - Openning: OReilly Head First JavaScript (2008).pdf
2013-01-08 11:10:22,542  INFO [BookReaderThread-pool-6] (SearchISBN.java:75) - No Starch Press The Book of JavaScript, A Practical Guide to Interactive Web Pages 2nd (2007).pdf: isbn found on page 3
2013-01-08 11:10:22,542 DEBUG [BookReaderThread-pool-6] (SearchISBN.java:81) - ISBN-10: 1-59327-106-9
2013-01-08 11:10:22,543  INFO [BookReaderThread-pool-6] (SearchISBN.java:37) - Openning: OReilly High Performance Javascript (2010).pdf
2013-01-08 11:10:22,620 DEBUG [BookReaderThread-pool-3] (SearchISBN.java:40) - Apress Pro JavaScript Techniques (2006).pdf is open and contains 362 pages
2013-01-08 11:10:22,630 DEBUG [BookReaderThread-pool-4] (SearchISBN.java:40) - No Starch Press Eloquent JavaScript, A Modern Introduction to Programming (2011).pdf is open and contains 210 pages
2013-01-08 11:10:22,634  INFO [BookReaderThread-pool-4] (SearchISBN.java:75) - No Starch Press Eloquent JavaScript, A Modern Introduction to Programming (2011).pdf: isbn found on page 2
2013-01-08 11:10:22,635 DEBUG [BookReaderThread-pool-4] (SearchISBN.java:81) - ISBN-10: 1-59327-282-0
2013-01-08 11:10:22,635  INFO [BookReaderThread-pool-4] (SearchISBN.java:37) - Openning: OReilly JavaScript and jQuery, The Missing Manual 2nd (2012).pdf
2013-01-08 11:10:22,630  INFO [BookReaderThread-pool-3] (SearchISBN.java:75) - Apress Pro JavaScript Techniques (2006).pdf: isbn found on page 2
2013-01-08 11:10:22,664 DEBUG [BookReaderThread-pool-3] (SearchISBN.java:81) - ISBN-13 (pbk): 978-1-59059-727-9
ISBN-10
2013-01-08 11:10:22,665  INFO [BookReaderThread-pool-3] (SearchISBN.java:37) - Openning: OReilly JavaScript Patterns (2010).pdf
2013-01-08 11:10:22,896 DEBUG [BookReaderThread-pool-5] (SearchISBN.java:40) - OReilly Building iPhone Apps with HTML CSS and JavaScript (2010).pdf is open and contains 186 pages
2013-01-08 11:10:22,981 DEBUG [BookReaderThread-pool-3] (SearchISBN.java:40) - OReilly JavaScript Patterns (2010).pdf is open and contains 236 pages
2013-01-08 11:10:22,968  INFO [BookReaderThread-pool-8] (SearchISBN.java:75) - Wrox Press Professional XMPP Programming with JavaScript and jQuery (2010).pdf: isbn found on page 2
2013-01-08 11:10:23,925 DEBUG [BookReaderThread-pool-6] (SearchISBN.java:40) - OReilly High Performance Javascript (2010).pdf is open and contains 231 pages
2013-01-08 11:10:23,870 DEBUG [BookReaderThread-pool-2] (SearchISBN.java:40) - Wrox Press Beginning JavaScript 3rd (2007).pdf is open and contains 791 pages
2013-01-08 11:10:23,851  INFO [BookReaderThread-pool-3] (SearchISBN.java:75) - OReilly JavaScript Patterns (2010).pdf: isbn found on page 6
2013-01-08 11:10:24,103 DEBUG [BookReaderThread-pool-3] (SearchISBN.java:81) - ISBN: 978-0-596-80675-0
2013-01-08 11:10:24,103  INFO [BookReaderThread-pool-3] (SearchISBN.java:37) - Openning: OReilly JavaScript Web Applications (2011).pdf
2013-01-08 11:10:24,092  INFO [BookReaderThread-pool-6] (SearchISBN.java:75) - OReilly High Performance Javascript (2010).pdf: isbn found on page 6
2013-01-08 11:10:24,291 DEBUG [BookReaderThread-pool-6] (SearchISBN.java:81) - ISBN: 978-0-596-80279-0
2013-01-08 11:10:24,291  INFO [BookReaderThread-pool-6] (SearchISBN.java:37) - Openning: OReilly JavaScript, The Definitive Guide 5th (2006).pdf
2013-01-08 11:10:24,045  INFO [BookReaderThread-pool-5] (SearchISBN.java:75) - OReilly Building iPhone Apps with HTML CSS and JavaScript (2010).pdf: isbn found on page 6
2013-01-08 11:10:24,300 DEBUG [BookReaderThread-pool-5] (SearchISBN.java:81) - ISBN: 978-0-596-80578-4
2013-01-08 11:10:24,301  INFO [BookReaderThread-pool-5] (SearchISBN.java:37) - Openning: OReilly JavaScript, The Good Parts (2008).pdf
2013-01-08 11:10:24,315 DEBUG [BookReaderThread-pool-10] (SearchISBN.java:40) - OReilly Head First JavaScript (2008).pdf is open and contains 621 pages
2013-01-08 11:10:24,321  INFO [BookReaderThread-pool-10] (SearchISBN.java:75) - OReilly Head First JavaScript (2008).pdf: isbn found on page 2
2013-01-08 11:10:24,322 DEBUG [BookReaderThread-pool-10] (SearchISBN.java:81) - ISBN-10: 0-596-52774-8
2013-01-08 11:10:24,322  INFO [BookReaderThread-pool-10] (SearchISBN.java:37) - Openning: OReilly Learning PHP, MySQL and JavaScript (2009).pdf
2013-01-08 11:10:23,937 DEBUG [BookReaderThread-pool-8] (SearchISBN.java:81) - ISBN: 978-0-470-52593-7
2013-01-08 11:10:24,325  INFO [BookReaderThread-pool-8] (SearchISBN.java:37) - Openning: OReilly Making Isometric Social Real-Time Games with HTML5 CSS3 and Javascript (2011).pdf
2013-01-08 11:10:24,175  INFO [BookReaderThread-pool-2] (SearchISBN.java:75) - Wrox Press Beginning JavaScript 3rd (2007).pdf: isbn found on page 6
2013-01-08 11:10:24,332 DEBUG [BookReaderThread-pool-2] (SearchISBN.java:81) - ISBN: 978-0-470-05151-1
2013-01-08 11:10:24,332  INFO [BookReaderThread-pool-2] (SearchISBN.java:37) - Openning: Packt Publishing Object-Oriented JavaScript (2008).pdf
2013-01-08 11:10:24,162 DEBUG [BookReaderThread-pool-4] (SearchISBN.java:40) - OReilly JavaScript and jQuery, The Missing Manual 2nd (2012).pdf is open and contains 538 pages
2013-01-08 11:10:24,561  INFO [BookReaderThread-pool-4] (SearchISBN.java:75) - OReilly JavaScript and jQuery, The Missing Manual 2nd (2012).pdf: isbn found on page 6
2013-01-08 11:10:24,561 DEBUG [BookReaderThread-pool-4] (SearchISBN.java:81) - ISBN: 978-1-449-3-9
2013-01-08 11:10:24,562  INFO [BookReaderThread-pool-4] (SearchISBN.java:37) - Openning: Pragmatic Bookshelf Publishing CoffeeScript, Accelerated JavaScript Development (2011).pdf
2013-01-08 11:10:24,623 DEBUG [BookReaderThread-pool-5] (SearchISBN.java:40) - OReilly JavaScript, The Good Parts (2008).pdf is open and contains 172 pages
2013-01-08 11:10:24,739  INFO [BookReaderThread-pool-5] (SearchISBN.java:75) - OReilly JavaScript, The Good Parts (2008).pdf: isbn found on page 6
2013-01-08 11:10:24,740 DEBUG [BookReaderThread-pool-5] (SearchISBN.java:81) - ISBN: 978-0-596-51774-8
2013-01-08 11:10:24,740  INFO [BookReaderThread-pool-5] (SearchISBN.java:37) - Openning: Pragmatic Bookshelf Publishing Continuous Testing, With Ruby Rails and JavaScript (2011).pdf
2013-01-08 11:10:24,855 DEBUG [BookReaderThread-pool-6] (SearchISBN.java:40) - OReilly JavaScript, The Definitive Guide 5th (2006).pdf is open and contains 1651 pages
2013-01-08 11:10:24,861  INFO [BookReaderThread-pool-6] (SearchISBN.java:75) - OReilly JavaScript, The Definitive Guide 5th (2006).pdf: isbn found on page 1
2013-01-08 11:10:24,861 DEBUG [BookReaderThread-pool-6] (SearchISBN.java:81) - ISBN-10: 0-596-10199-6
2013-01-08 11:10:24,862  INFO [BookReaderThread-pool-6] (SearchISBN.java:37) - Openning: Pragmatic Bookshelf Publishing Guide to JavaScript (2010).pdf
2013-01-08 11:10:24,917 DEBUG [BookReaderThread-pool-8] (SearchISBN.java:40) - OReilly Making Isometric Social Real-Time Games with HTML5 CSS3 and Javascript (2011).pdf is open and contains 154 pages
2013-01-08 11:10:24,931  INFO [BookReaderThread-pool-8] (SearchISBN.java:75) - OReilly Making Isometric Social Real-Time Games with HTML5 CSS3 and Javascript (2011).pdf: isbn found on page 4
2013-01-08 11:10:24,932 DEBUG [BookReaderThread-pool-8] (SearchISBN.java:81) - ISBN: 978-1-449-30475-1
2013-01-08 11:10:24,932  INFO [BookReaderThread-pool-8] (SearchISBN.java:37) - Openning: Prentice Hall JavaScript by Example 2nd (2011).pdf
2013-01-08 11:10:24,975 DEBUG [BookReaderThread-pool-4] (SearchISBN.java:40) - Pragmatic Bookshelf Publishing CoffeeScript, Accelerated JavaScript Development (2011).pdf is open and contains 154 pages
2013-01-08 11:10:24,979 DEBUG [BookReaderThread-pool-10] (SearchISBN.java:40) - OReilly Learning PHP, MySQL and JavaScript (2009).pdf is open and contains 528 pages
2013-01-08 11:10:24,992  INFO [BookReaderThread-pool-10] (SearchISBN.java:75) - OReilly Learning PHP, MySQL and JavaScript (2009).pdf: isbn found on page 4
2013-01-08 11:10:24,992 DEBUG [BookReaderThread-pool-10] (SearchISBN.java:81) - ISBN: 978-0-596-15713-5
2013-01-08 11:10:24,993  INFO [BookReaderThread-pool-10] (SearchISBN.java:37) - Openning: Rockable Press Getting Good with Javascript (2011).pdf
2013-01-08 11:10:25,009 DEBUG [BookReaderThread-pool-3] (SearchISBN.java:40) - OReilly JavaScript Web Applications (2011).pdf is open and contains 280 pages
2013-01-08 11:10:25,026  INFO [BookReaderThread-pool-3] (SearchISBN.java:75) - OReilly JavaScript Web Applications (2011).pdf: isbn found on page 6
2013-01-08 11:10:25,026 DEBUG [BookReaderThread-pool-3] (SearchISBN.java:81) - ISBN: 978-1-449-30351-8
2013-01-08 11:10:25,027  INFO [BookReaderThread-pool-3] (SearchISBN.java:37) - Openning: SAMS Teach Yourself HTML, CSS and JavaScript All in One (2012).pdf
2013-01-08 11:10:25,027  INFO [BookReaderThread-pool-4] (SearchISBN.java:75) - Pragmatic Bookshelf Publishing CoffeeScript, Accelerated JavaScript Development (2011).pdf: isbn found on page 2
2013-01-08 11:10:25,042 DEBUG [BookReaderThread-pool-4] (SearchISBN.java:81) - ISBN: 9781934356593.
2013-01-08 11:10:25,042  INFO [BookReaderThread-pool-4] (SearchISBN.java:37) - Openning: SitePoint Simply JavaScript (2007).pdf
2013-01-08 11:10:25,276 DEBUG [BookReaderThread-pool-2] (SearchISBN.java:40) - Packt Publishing Object-Oriented JavaScript (2008).pdf is open and contains 339 pages
2013-01-08 11:10:25,288  INFO [BookReaderThread-pool-2] (SearchISBN.java:75) - Packt Publishing Object-Oriented JavaScript (2008).pdf: isbn found on page 2
2013-01-08 11:10:25,289 DEBUG [BookReaderThread-pool-2] (SearchISBN.java:81) - ISBN 978-1-847194-14-5
2013-01-08 11:10:25,289  INFO [BookReaderThread-pool-2] (SearchISBN.java:37) - Openning: Wiley JavaScript and AJAX for Dummies (2010).pdf
2013-01-08 11:10:25,357 DEBUG [BookReaderThread-pool-5] (SearchISBN.java:40) - Pragmatic Bookshelf Publishing Continuous Testing, With Ruby Rails and JavaScript (2011).pdf is open and contains 162 pages
2013-01-08 11:10:25,372  INFO [BookReaderThread-pool-5] (SearchISBN.java:75) - Pragmatic Bookshelf Publishing Continuous Testing, With Ruby Rails and JavaScript (2011).pdf: isbn found on page 2
2013-01-08 11:10:25,373 DEBUG [BookReaderThread-pool-5] (SearchISBN.java:81) - ISBN: 9781934356050.
2013-01-08 11:10:25,373  INFO [BookReaderThread-pool-5] (SearchISBN.java:37) - Openning: Wiley JavaScript Bible 5th (2004).pdf
2013-01-08 11:10:25,494 DEBUG [BookReaderThread-pool-6] (SearchISBN.java:40) - Pragmatic Bookshelf Publishing Guide to JavaScript (2010).pdf is open and contains 141 pages
2013-01-08 11:10:25,505  INFO [BookReaderThread-pool-6] (SearchISBN.java:75) - Pragmatic Bookshelf Publishing Guide to JavaScript (2010).pdf: isbn found on page 2
2013-01-08 11:10:25,506 DEBUG [BookReaderThread-pool-6] (SearchISBN.java:81) - ISBN: 978-1934356-59-3
2013-01-08 11:10:25,506  INFO [BookReaderThread-pool-6] (SearchISBN.java:37) - Openning: Wiley JavaScript Bible 7th (2010).pdf
2013-01-08 11:10:25,515 DEBUG [BookReaderThread-pool-8] (SearchISBN.java:40) - Prentice Hall JavaScript by Example 2nd (2011).pdf is open and contains 885 pages
2013-01-08 11:10:25,540  INFO [BookReaderThread-pool-8] (SearchISBN.java:75) - Prentice Hall JavaScript by Example 2nd (2011).pdf: isbn found on page 3
2013-01-08 11:10:25,545 DEBUG [BookReaderThread-pool-8] (SearchISBN.java:81) - ISBN 978-0-13-705489-3
2013-01-08 11:10:25,545  INFO [BookReaderThread-pool-8] (SearchISBN.java:37) - Openning: Wiley JavaScript for Dummies 4th (2005).pdf
2013-01-08 11:10:25,845 DEBUG [BookReaderThread-pool-2] (SearchISBN.java:40) - Wiley JavaScript and AJAX for Dummies (2010).pdf is open and contains 435 pages
2013-01-08 11:10:25,960  INFO [BookReaderThread-pool-2] (SearchISBN.java:75) - Wiley JavaScript and AJAX for Dummies (2010).pdf: isbn found on page 1
2013-01-08 11:10:25,978 DEBUG [BookReaderThread-pool-2] (SearchISBN.java:81) - ISBN 978-0-470-41799-7
2013-01-08 11:10:25,978  INFO [BookReaderThread-pool-2] (SearchISBN.java:37) - Openning: Wiley JavaScript in 10 Simple Steps or Less (2004).pdf
2013-01-08 11:10:26,469 DEBUG [BookReaderThread-pool-10] (SearchISBN.java:40) - Rockable Press Getting Good with Javascript (2011).pdf is open and contains 146 pages
2013-01-08 11:10:26,518 DEBUG [BookReaderThread-pool-4] (SearchISBN.java:40) - SitePoint Simply JavaScript (2007).pdf is open and contains 429 pages
2013-01-08 11:10:26,543  INFO [BookReaderThread-pool-4] (SearchISBN.java:75) - SitePoint Simply JavaScript (2007).pdf: isbn found on page 4
2013-01-08 11:10:26,544 DEBUG [BookReaderThread-pool-4] (SearchISBN.java:81) - ISBN 978-0-9802858-0-2
2013-01-08 11:10:26,545  INFO [BookReaderThread-pool-4] (SearchISBN.java:37) - Openning: Wiley Learn JavaScript and Ajax with w3schools (2010).pdf
2013-01-08 11:10:26,925 DEBUG [BookReaderThread-pool-6] (SearchISBN.java:40) - Wiley JavaScript Bible 7th (2010).pdf is open and contains 2046 pages
2013-01-08 11:10:27,295 DEBUG [BookReaderThread-pool-3] (SearchISBN.java:40) - SAMS Teach Yourself HTML, CSS and JavaScript All in One (2012).pdf is open and contains 608 pages
2013-01-08 11:10:27,415  INFO [BookReaderThread-pool-6] (SearchISBN.java:75) - Wiley JavaScript Bible 7th (2010).pdf: isbn found on page 8
2013-01-08 11:10:27,416 DEBUG [BookReaderThread-pool-6] (SearchISBN.java:81) - ISBN: 978-0-470-52691-0
2013-01-08 11:10:27,416  INFO [BookReaderThread-pool-6] (SearchISBN.java:37) - Openning: Wrox Press Beginning HTML XHTML CSS and JavaScript (2010).pdf
2013-01-08 11:10:27,511  INFO [BookReaderThread-pool-3] (SearchISBN.java:75) - SAMS Teach Yourself HTML, CSS and JavaScript All in One (2012).pdf: isbn found on page 3
2013-01-08 11:10:27,512 DEBUG [BookReaderThread-pool-3] (SearchISBN.java:81) - ISBN-13: 978-0-672-33332-3
2013-01-08 11:10:27,512  INFO [BookReaderThread-pool-3] (SearchISBN.java:37) - Openning: Wrox Press Beginning iOS Application Development with HTML and JavaScript (2012).pdf
2013-01-08 11:10:27,917 DEBUG [BookReaderThread-pool-4] (SearchISBN.java:40) - Wiley Learn JavaScript and Ajax with w3schools (2010).pdf is open and contains 267 pages
2013-01-08 11:10:29,335 DEBUG [BookReaderThread-pool-8] (SearchISBN.java:40) - Wiley JavaScript for Dummies 4th (2005).pdf is open and contains 387 pages
2013-01-08 11:10:29,401  INFO [BookReaderThread-pool-8] (SearchISBN.java:37) - Openning: Wrox Press JavaScript Programmer's Reference (2001).pdf
2013-01-08 11:10:29,413 DEBUG [BookReaderThread-pool-6] (SearchISBN.java:40) - Wrox Press Beginning HTML XHTML CSS and JavaScript (2010).pdf is open and contains 865 pages
2013-01-08 11:10:29,474  INFO [BookReaderThread-pool-6] (SearchISBN.java:75) - Wrox Press Beginning HTML XHTML CSS and JavaScript (2010).pdf: isbn found on page 2
2013-01-08 11:10:29,498 DEBUG [BookReaderThread-pool-6] (SearchISBN.java:81) - ISBN: 978-0-470-09697-0
2013-01-08 11:10:29,498  INFO [BookReaderThread-pool-6] (SearchISBN.java:37) - Openning: Wrox Press Professional JavaScript for Web Developers (2005).pdf
2013-01-08 11:10:30,530 DEBUG [BookReaderThread-pool-8] (SearchISBN.java:40) - Wrox Press JavaScript Programmer's Reference (2001).pdf is open and contains 2623 pages
2013-01-08 11:10:30,557  INFO [BookReaderThread-pool-8] (SearchISBN.java:75) - Wrox Press JavaScript Programmer's Reference (2001).pdf: isbn found on page 2
2013-01-08 11:10:30,557 DEBUG [BookReaderThread-pool-8] (SearchISBN.java:81) - ISBN 1-861004-59-1
2013-01-08 11:10:30,558  INFO [BookReaderThread-pool-8] (SearchISBN.java:37) - Openning: Wrox Press Professional JavaScript for Web Developers 2nd (2009).pdf
2013-01-08 11:10:32,380 DEBUG [BookReaderThread-pool-8] (SearchISBN.java:40) - Wrox Press Professional JavaScript for Web Developers 2nd (2009).pdf is open and contains 809 pages
2013-01-08 11:10:32,390  INFO [BookReaderThread-pool-8] (SearchISBN.java:75) - Wrox Press Professional JavaScript for Web Developers 2nd (2009).pdf: isbn found on page 2
2013-01-08 11:10:32,391 DEBUG [BookReaderThread-pool-8] (SearchISBN.java:81) - ISBN: 978-0-470-22780-0
2013-01-08 11:10:32,391  INFO [BookReaderThread-pool-8] (SearchISBN.java:37) - Openning: Wrox Press Professional JavaScript for Web Developers 3rd (2012).pdf
2013-01-08 11:10:32,460 DEBUG [BookReaderThread-pool-3] (SearchISBN.java:40) - Wrox Press Beginning iOS Application Development with HTML and JavaScript (2012).pdf is open and contains 436 pages
2013-01-08 11:10:32,619 ERROR [BookReaderThread-pool-3] (SearchISBN.java:66) - can't open pdf: Wrox Press Beginning iOS Application Development with HTML and JavaScript (2012).pdf
2013-01-08 11:10:33,797 DEBUG [BookReaderThread-pool-2] (SearchISBN.java:40) - Wiley JavaScript in 10 Simple Steps or Less (2004).pdf is open and contains 626 pages
2013-01-08 11:10:34,295 DEBUG [BookReaderThread-pool-8] (SearchISBN.java:40) - Wrox Press Professional JavaScript for Web Developers 3rd (2012).pdf is open and contains 964 pages
2013-01-08 11:10:34,382 DEBUG [BookReaderThread-pool-6] (SearchISBN.java:40) - Wrox Press Professional JavaScript for Web Developers (2005).pdf is open and contains 674 pages
2013-01-08 11:10:34,471  INFO [BookReaderThread-pool-8] (SearchISBN.java:75) - Wrox Press Professional JavaScript for Web Developers 3rd (2012).pdf: isbn found on page 1
2013-01-08 11:10:34,472 DEBUG [BookReaderThread-pool-8] (SearchISBN.java:81) - ISBN: 978-1-1181-5900-2
2013-01-08 11:10:35,175  INFO [BookReaderThread-pool-9] (SearchISBN.java:75) - Microsoft Press JavaScript Step by Step 2nd (2010).pdf: isbn found on page 115
2013-01-08 11:10:35,176 DEBUG [BookReaderThread-pool-9] (SearchISBN.java:81) - isbn>9780735624498</isbn>
2013-01-08 11:10:36,868 DEBUG [BookReaderThread-pool-5] (SearchISBN.java:40) - Wiley JavaScript Bible 5th (2004).pdf is open and contains 1743 pages
2013-01-08 11:10:38,011  INFO [BookReaderThread-pool-4] (SearchISBN.java:75) - Wiley Learn JavaScript and Ajax with w3schools (2010).pdf: isbn found on page 4
2013-01-08 11:10:38,012 DEBUG [BookReaderThread-pool-4] (SearchISBN.java:81) - ISBN: 978-0-470-61194-4
